2022.02.12 21:15:18.755  D  __main__()            Start.
2022.02.12 21:15:18.757  D  __main__()            argv[2]: lgbm
2022.02.12 21:15:18.760  D  LightGBM.__init__()   Start.
2022.02.12 21:15:18.762  D  ROSLigthGBM.__init__()  Start.
2022.02.12 21:15:18.764  D  LightGBM.train()      file: input_20220207090716.csv
2022.02.12 21:15:23.649  D  LightGBM.train()      train for country: ARMENIA, brand: CK, item group: 01
2022.02.12 21:15:23.821  D  LightGBM.train()      train for country: ARMENIA, brand: CK, item group: 01, no. of records: 1108
2022.02.12 21:15:23.860  D  LightGBM.train().objective()  Start, 1, X.shape: 886, y.shape: 886
2022.02.12 21:15:23.882  D  LightGBM.train().objective()  kfold_seq: 1.
2022.02.12 21:15:24.000  D  LightGBM.train().objective()  kfold_seq: 2.
2022.02.12 21:15:24.108  D  LightGBM.train().objective()  kfold_seq: 3.
2022.02.12 21:15:24.198  D  LightGBM.train().objective()  kfold_seq: 4.
2022.02.12 21:15:24.299  D  LightGBM.train().objective()  kfold_seq: 5.
2022.02.12 21:15:24.396  D  LightGBM.train().objective()  kfold_seq: 6.
2022.02.12 21:15:24.510  D  LightGBM.train().objective()  kfold_seq: 7.
2022.02.12 21:15:24.607  D  LightGBM.train().objective()  kfold_seq: 8.
2022.02.12 21:15:24.709  D  LightGBM.train().objective()  kfold_seq: 9.
2022.02.12 21:15:24.809  D  LightGBM.train().objective()  kfold_seq: 10.
2022.02.12 21:15:24.916  D  LightGBM.train().objective()  Start, 2, X.shape: 886, y.shape: 886
2022.02.12 21:15:24.931  D  LightGBM.train().objective()  kfold_seq: 1.
2022.02.12 21:15:25.014  D  LightGBM.train().objective()  kfold_seq: 2.
2022.02.12 21:15:25.118  D  LightGBM.train().objective()  kfold_seq: 3.
2022.02.12 21:15:25.224  D  LightGBM.train().objective()  kfold_seq: 4.
2022.02.12 21:15:25.332  D  LightGBM.train().objective()  kfold_seq: 5.
2022.02.12 21:15:25.467  D  LightGBM.train().objective()  kfold_seq: 6.
2022.02.12 21:15:25.576  D  LightGBM.train().objective()  kfold_seq: 7.
2022.02.12 21:15:25.684  D  LightGBM.train().objective()  kfold_seq: 8.
2022.02.12 21:15:25.791  D  LightGBM.train().objective()  kfold_seq: 9.
2022.02.12 21:15:25.889  D  LightGBM.train().objective()  kfold_seq: 10.
2022.02.12 21:15:25.991  D  LightGBM.train().objective()  Start, 3, X.shape: 886, y.shape: 886
2022.02.12 21:15:26.006  D  LightGBM.train().objective()  kfold_seq: 1.
2022.02.12 21:15:26.079  D  LightGBM.train().objective()  kfold_seq: 2.
2022.02.12 21:15:26.195  D  LightGBM.train().objective()  kfold_seq: 3.
2022.02.12 21:15:26.299  D  LightGBM.train().objective()  kfold_seq: 4.
2022.02.12 21:15:26.408  D  LightGBM.train().objective()  kfold_seq: 5.
2022.02.12 21:15:26.517  D  LightGBM.train().objective()  kfold_seq: 6.
2022.02.12 21:15:26.616  D  LightGBM.train().objective()  kfold_seq: 7.
2022.02.12 21:15:26.728  D  LightGBM.train().objective()  kfold_seq: 8.
2022.02.12 21:15:26.834  D  LightGBM.train().objective()  kfold_seq: 9.
2022.02.12 21:15:26.946  D  LightGBM.train().objective()  kfold_seq: 10.
2022.02.12 21:15:27.072  D  LightGBM.train().objective()  Start, 4, X.shape: 886, y.shape: 886
2022.02.12 21:15:27.091  D  LightGBM.train().objective()  kfold_seq: 1.
2022.02.12 21:15:27.188  D  LightGBM.train().objective()  kfold_seq: 2.
2022.02.12 21:15:27.311  D  LightGBM.train().objective()  kfold_seq: 3.
2022.02.12 21:15:27.449  D  LightGBM.train().objective()  kfold_seq: 4.
2022.02.12 21:15:27.580  D  LightGBM.train().objective()  kfold_seq: 5.
2022.02.12 21:15:27.717  D  LightGBM.train().objective()  kfold_seq: 6.
2022.02.12 21:15:27.856  D  LightGBM.train().objective()  kfold_seq: 7.
2022.02.12 21:15:27.993  D  LightGBM.train().objective()  kfold_seq: 8.
2022.02.12 21:15:28.125  D  LightGBM.train().objective()  kfold_seq: 9.
2022.02.12 21:15:28.256  D  LightGBM.train().objective()  kfold_seq: 10.
2022.02.12 21:15:28.378  D  LightGBM.train().objective()  Start, 5, X.shape: 886, y.shape: 886
2022.02.12 21:15:28.394  D  LightGBM.train().objective()  kfold_seq: 1.
2022.02.12 21:15:28.503  D  LightGBM.train().objective()  kfold_seq: 2.
2022.02.12 21:15:28.639  D  LightGBM.train().objective()  kfold_seq: 3.
2022.02.12 21:15:28.782  D  LightGBM.train().objective()  kfold_seq: 4.
2022.02.12 21:15:28.919  D  LightGBM.train().objective()  kfold_seq: 5.
2022.02.12 21:15:29.067  D  LightGBM.train().objective()  kfold_seq: 6.
2022.02.12 21:15:29.215  D  LightGBM.train().objective()  kfold_seq: 7.
2022.02.12 21:15:29.361  D  LightGBM.train().objective()  kfold_seq: 8.
2022.02.12 21:15:29.507  D  LightGBM.train().objective()  kfold_seq: 9.
2022.02.12 21:15:29.672  D  LightGBM.train().objective()  kfold_seq: 10.
2022.02.12 21:15:29.820  D  LightGBM.train().objective()  Start, 6, X.shape: 886, y.shape: 886
2022.02.12 21:15:29.840  D  LightGBM.train().objective()  kfold_seq: 1.
2022.02.12 21:15:30.016  D  LightGBM.train().objective()  kfold_seq: 2.
2022.02.12 21:15:30.242  D  LightGBM.train().objective()  kfold_seq: 3.
2022.02.12 21:15:30.488  D  LightGBM.train().objective()  kfold_seq: 4.
2022.02.12 21:15:30.724  D  LightGBM.train().objective()  kfold_seq: 5.
2022.02.12 21:15:30.959  D  LightGBM.train().objective()  kfold_seq: 6.
2022.02.12 21:15:31.199  D  LightGBM.train().objective()  kfold_seq: 7.
2022.02.12 21:15:31.438  D  LightGBM.train().objective()  kfold_seq: 8.
2022.02.12 21:15:31.680  D  LightGBM.train().objective()  kfold_seq: 9.
2022.02.12 21:15:31.902  D  LightGBM.train().objective()  kfold_seq: 10.
2022.02.12 21:15:32.155  D  LightGBM.train().objective()  Start, 7, X.shape: 886, y.shape: 886
2022.02.12 21:15:32.176  D  LightGBM.train().objective()  kfold_seq: 1.
2022.02.12 21:15:32.343  D  LightGBM.train().objective()  kfold_seq: 2.
2022.02.12 21:15:32.573  D  LightGBM.train().objective()  kfold_seq: 3.
2022.02.12 21:15:32.801  D  LightGBM.train().objective()  kfold_seq: 4.
2022.02.12 21:15:33.018  D  LightGBM.train().objective()  kfold_seq: 5.
2022.02.12 21:15:33.229  D  LightGBM.train().objective()  kfold_seq: 6.
2022.02.12 21:15:33.447  D  LightGBM.train().objective()  kfold_seq: 7.
2022.02.12 21:15:33.664  D  LightGBM.train().objective()  kfold_seq: 8.
2022.02.12 21:15:33.885  D  LightGBM.train().objective()  kfold_seq: 9.
2022.02.12 21:15:34.118  D  LightGBM.train().objective()  kfold_seq: 10.
2022.02.12 21:15:34.339  D  LightGBM.train().objective()  Start, 8, X.shape: 886, y.shape: 886
2022.02.12 21:15:34.359  D  LightGBM.train().objective()  kfold_seq: 1.
2022.02.12 21:15:34.528  D  LightGBM.train().objective()  kfold_seq: 2.
2022.02.12 21:15:34.757  D  LightGBM.train().objective()  kfold_seq: 3.
2022.02.12 21:15:34.991  D  LightGBM.train().objective()  kfold_seq: 4.
2022.02.12 21:15:35.224  D  LightGBM.train().objective()  kfold_seq: 5.
2022.02.12 21:15:35.445  D  LightGBM.train().objective()  kfold_seq: 6.
2022.02.12 21:15:35.672  D  LightGBM.train().objective()  kfold_seq: 7.
2022.02.12 21:15:35.898  D  LightGBM.train().objective()  kfold_seq: 8.
2022.02.12 21:15:36.137  D  LightGBM.train().objective()  kfold_seq: 9.
2022.02.12 21:15:36.370  D  LightGBM.train().objective()  kfold_seq: 10.
2022.02.12 21:15:36.604  D  LightGBM.train().objective()  Start, 9, X.shape: 886, y.shape: 886
2022.02.12 21:15:36.623  D  LightGBM.train().objective()  kfold_seq: 1.
2022.02.12 21:15:36.803  D  LightGBM.train().objective()  kfold_seq: 2.
2022.02.12 21:15:37.051  D  LightGBM.train().objective()  kfold_seq: 3.
2022.02.12 21:15:37.289  D  LightGBM.train().objective()  kfold_seq: 4.
2022.02.12 21:15:37.524  D  LightGBM.train().objective()  kfold_seq: 5.
2022.02.12 21:15:37.761  D  LightGBM.train().objective()  kfold_seq: 6.
2022.02.12 21:15:37.996  D  LightGBM.train().objective()  kfold_seq: 7.
2022.02.12 21:15:38.227  D  LightGBM.train().objective()  kfold_seq: 8.
2022.02.12 21:15:38.461  D  LightGBM.train().objective()  kfold_seq: 9.
2022.02.12 21:15:38.699  D  LightGBM.train().objective()  kfold_seq: 10.
2022.02.12 21:15:38.935  D  LightGBM.train().objective()  Start, 10, X.shape: 886, y.shape: 886
2022.02.12 21:15:38.958  D  LightGBM.train().objective()  kfold_seq: 1.
2022.02.12 21:15:39.120  D  LightGBM.train().objective()  kfold_seq: 2.
2022.02.12 21:15:39.340  D  LightGBM.train().objective()  kfold_seq: 3.
2022.02.12 21:15:39.557  D  LightGBM.train().objective()  kfold_seq: 4.
2022.02.12 21:15:39.771  D  LightGBM.train().objective()  kfold_seq: 5.
2022.02.12 21:15:39.991  D  LightGBM.train().objective()  kfold_seq: 6.
2022.02.12 21:15:40.210  D  LightGBM.train().objective()  kfold_seq: 7.
2022.02.12 21:15:40.431  D  LightGBM.train().objective()  kfold_seq: 8.
2022.02.12 21:15:40.651  D  LightGBM.train().objective()  kfold_seq: 9.
2022.02.12 21:15:40.877  D  LightGBM.train().objective()  kfold_seq: 10.
2022.02.12 21:15:41.096  D  LightGBM.train().objective()  Start, 11, X.shape: 886, y.shape: 886
2022.02.12 21:15:41.202  D  LightGBM.train().objective()  kfold_seq: 1.
2022.02.12 21:15:41.358  D  LightGBM.train().objective()  kfold_seq: 2.
2022.02.12 21:15:41.581  D  LightGBM.train().objective()  kfold_seq: 3.
2022.02.12 21:15:41.801  D  LightGBM.train().objective()  kfold_seq: 4.
2022.02.12 21:15:42.015  D  LightGBM.train().objective()  kfold_seq: 5.
2022.02.12 21:15:42.235  D  LightGBM.train().objective()  kfold_seq: 6.
2022.02.12 21:15:42.451  D  LightGBM.train().objective()  kfold_seq: 7.
2022.02.12 21:15:42.662  D  LightGBM.train().objective()  kfold_seq: 8.
2022.02.12 21:15:42.868  D  LightGBM.train().objective()  kfold_seq: 9.
2022.02.12 21:15:43.073  D  LightGBM.train().objective()  kfold_seq: 10.
2022.02.12 21:15:43.308  D  LightGBM.train().objective()  Start, 12, X.shape: 886, y.shape: 886
2022.02.12 21:15:43.417  D  LightGBM.train().objective()  kfold_seq: 1.
2022.02.12 21:15:43.579  D  LightGBM.train().objective()  kfold_seq: 2.
2022.02.12 21:15:43.796  D  LightGBM.train().objective()  kfold_seq: 3.
2022.02.12 21:15:44.012  D  LightGBM.train().objective()  kfold_seq: 4.
2022.02.12 21:15:44.236  D  LightGBM.train().objective()  kfold_seq: 5.
2022.02.12 21:15:44.462  D  LightGBM.train().objective()  kfold_seq: 6.
2022.02.12 21:15:44.696  D  LightGBM.train().objective()  kfold_seq: 7.
2022.02.12 21:15:44.927  D  LightGBM.train().objective()  kfold_seq: 8.
2022.02.12 21:15:45.144  D  LightGBM.train().objective()  kfold_seq: 9.
2022.02.12 21:15:45.380  D  LightGBM.train().objective()  kfold_seq: 10.
2022.02.12 21:15:45.618  D  LightGBM.train().objective()  Start, 13, X.shape: 886, y.shape: 886
2022.02.12 21:15:45.718  D  LightGBM.train().objective()  kfold_seq: 1.
2022.02.12 21:15:45.885  D  LightGBM.train().objective()  kfold_seq: 2.
2022.02.12 21:15:46.112  D  LightGBM.train().objective()  kfold_seq: 3.
2022.02.12 21:15:46.342  D  LightGBM.train().objective()  kfold_seq: 4.
2022.02.12 21:15:46.578  D  LightGBM.train().objective()  kfold_seq: 5.
2022.02.12 21:15:46.813  D  LightGBM.train().objective()  kfold_seq: 6.
2022.02.12 21:15:47.046  D  LightGBM.train().objective()  kfold_seq: 7.
2022.02.12 21:15:47.274  D  LightGBM.train().objective()  kfold_seq: 8.
2022.02.12 21:15:47.512  D  LightGBM.train().objective()  kfold_seq: 9.
2022.02.12 21:15:47.757  D  LightGBM.train().objective()  kfold_seq: 10.
2022.02.12 21:15:47.999  D  LightGBM.train().objective()  Start, 14, X.shape: 886, y.shape: 886
2022.02.12 21:15:48.106  D  LightGBM.train().objective()  kfold_seq: 1.
2022.02.12 21:15:48.319  D  LightGBM.train().objective()  kfold_seq: 2.
2022.02.12 21:15:48.561  D  LightGBM.train().objective()  kfold_seq: 3.
2022.02.12 21:15:48.799  D  LightGBM.train().objective()  kfold_seq: 4.
2022.02.12 21:15:49.009  D  LightGBM.train().objective()  kfold_seq: 5.
2022.02.12 21:15:49.244  D  LightGBM.train().objective()  kfold_seq: 6.
2022.02.12 21:15:49.484  D  LightGBM.train().objective()  kfold_seq: 7.
2022.02.12 21:15:49.712  D  LightGBM.train().objective()  kfold_seq: 8.
2022.02.12 21:15:49.943  D  LightGBM.train().objective()  kfold_seq: 9.
2022.02.12 21:15:50.186  D  LightGBM.train().objective()  kfold_seq: 10.
2022.02.12 21:15:50.430  D  LightGBM.train().objective()  Start, 15, X.shape: 886, y.shape: 886
2022.02.12 21:15:50.533  D  LightGBM.train().objective()  kfold_seq: 1.
2022.02.12 21:15:50.700  D  LightGBM.train().objective()  kfold_seq: 2.
2022.02.12 21:15:50.934  D  LightGBM.train().objective()  kfold_seq: 3.
2022.02.12 21:15:51.212  D  LightGBM.train().objective()  kfold_seq: 4.
2022.02.12 21:15:51.471  D  LightGBM.train().objective()  kfold_seq: 5.
2022.02.12 21:15:51.698  D  LightGBM.train().objective()  kfold_seq: 6.
2022.02.12 21:15:51.924  D  LightGBM.train().objective()  kfold_seq: 7.
2022.02.12 21:15:52.143  D  LightGBM.train().objective()  kfold_seq: 8.
2022.02.12 21:15:52.373  D  LightGBM.train().objective()  kfold_seq: 9.
2022.02.12 21:15:52.609  D  LightGBM.train().objective()  kfold_seq: 10.
2022.02.12 21:15:52.848  D  LightGBM.train().objective()  Start, 16, X.shape: 886, y.shape: 886
2022.02.12 21:15:52.951  D  LightGBM.train().objective()  kfold_seq: 1.
2022.02.12 21:15:53.109  D  LightGBM.train().objective()  kfold_seq: 2.
2022.02.12 21:15:53.337  D  LightGBM.train().objective()  kfold_seq: 3.
2022.02.12 21:15:53.563  D  LightGBM.train().objective()  kfold_seq: 4.
2022.02.12 21:15:53.787  D  LightGBM.train().objective()  kfold_seq: 5.
2022.02.12 21:15:54.024  D  LightGBM.train().objective()  kfold_seq: 6.
2022.02.12 21:15:54.255  D  LightGBM.train().objective()  kfold_seq: 7.
2022.02.12 21:15:54.478  D  LightGBM.train().objective()  kfold_seq: 8.
2022.02.12 21:15:54.711  D  LightGBM.train().objective()  kfold_seq: 9.
2022.02.12 21:15:54.933  D  LightGBM.train().objective()  kfold_seq: 10.
2022.02.12 21:15:55.163  D  LightGBM.train().objective()  Start, 17, X.shape: 886, y.shape: 886
2022.02.12 21:15:55.267  D  LightGBM.train().objective()  kfold_seq: 1.
2022.02.12 21:15:55.430  D  LightGBM.train().objective()  kfold_seq: 2.
2022.02.12 21:15:55.668  D  LightGBM.train().objective()  kfold_seq: 3.
2022.02.12 21:15:55.905  D  LightGBM.train().objective()  kfold_seq: 4.
2022.02.12 21:15:56.140  D  LightGBM.train().objective()  kfold_seq: 5.
2022.02.12 21:15:56.390  D  LightGBM.train().objective()  kfold_seq: 6.
2022.02.12 21:15:56.634  D  LightGBM.train().objective()  kfold_seq: 7.
2022.02.12 21:15:56.873  D  LightGBM.train().objective()  kfold_seq: 8.
2022.02.12 21:15:57.124  D  LightGBM.train().objective()  kfold_seq: 9.
2022.02.12 21:15:57.362  D  LightGBM.train().objective()  kfold_seq: 10.
2022.02.12 21:15:57.603  D  LightGBM.train().objective()  Start, 18, X.shape: 886, y.shape: 886
2022.02.12 21:15:57.704  D  LightGBM.train().objective()  kfold_seq: 1.
2022.02.12 21:15:57.855  D  LightGBM.train().objective()  kfold_seq: 2.
2022.02.12 21:15:58.083  D  LightGBM.train().objective()  kfold_seq: 3.
2022.02.12 21:15:58.319  D  LightGBM.train().objective()  kfold_seq: 4.
2022.02.12 21:15:58.549  D  LightGBM.train().objective()  kfold_seq: 5.
2022.02.12 21:15:58.771  D  LightGBM.train().objective()  kfold_seq: 6.
2022.02.12 21:15:59.005  D  LightGBM.train().objective()  kfold_seq: 7.
2022.02.12 21:15:59.230  D  LightGBM.train().objective()  kfold_seq: 8.
2022.02.12 21:15:59.458  D  LightGBM.train().objective()  kfold_seq: 9.
2022.02.12 21:15:59.685  D  LightGBM.train().objective()  kfold_seq: 10.
2022.02.12 21:15:59.912  D  LightGBM.train().objective()  Start, 19, X.shape: 886, y.shape: 886
2022.02.12 21:16:00.017  D  LightGBM.train().objective()  kfold_seq: 1.
2022.02.12 21:16:00.163  D  LightGBM.train().objective()  kfold_seq: 2.
2022.02.12 21:16:00.392  D  LightGBM.train().objective()  kfold_seq: 3.
2022.02.12 21:16:00.618  D  LightGBM.train().objective()  kfold_seq: 4.
2022.02.12 21:16:00.842  D  LightGBM.train().objective()  kfold_seq: 5.
2022.02.12 21:16:01.084  D  LightGBM.train().objective()  kfold_seq: 6.
2022.02.12 21:16:01.313  D  LightGBM.train().objective()  kfold_seq: 7.
2022.02.12 21:16:01.539  D  LightGBM.train().objective()  kfold_seq: 8.
2022.02.12 21:16:01.763  D  LightGBM.train().objective()  kfold_seq: 9.
2022.02.12 21:16:01.997  D  LightGBM.train().objective()  kfold_seq: 10.
2022.02.12 21:16:02.241  D  LightGBM.train().objective()  Start, 20, X.shape: 886, y.shape: 886
2022.02.12 21:16:02.344  D  LightGBM.train().objective()  kfold_seq: 1.
2022.02.12 21:16:02.506  D  LightGBM.train().objective()  kfold_seq: 2.
2022.02.12 21:16:02.749  D  LightGBM.train().objective()  kfold_seq: 3.
2022.02.12 21:16:02.987  D  LightGBM.train().objective()  kfold_seq: 4.
2022.02.12 21:16:03.238  D  LightGBM.train().objective()  kfold_seq: 5.
2022.02.12 21:16:03.488  D  LightGBM.train().objective()  kfold_seq: 6.
2022.02.12 21:16:03.725  D  LightGBM.train().objective()  kfold_seq: 7.
2022.02.12 21:16:03.958  D  LightGBM.train().objective()  kfold_seq: 8.
2022.02.12 21:16:04.207  D  LightGBM.train().objective()  kfold_seq: 9.
2022.02.12 21:16:04.445  D  LightGBM.train().objective()  kfold_seq: 10.
2022.02.12 21:16:04.686  D  LightGBM.train().objective()  Start, 21, X.shape: 886, y.shape: 886
2022.02.12 21:16:04.793  D  LightGBM.train().objective()  kfold_seq: 1.
2022.02.12 21:16:04.960  D  LightGBM.train().objective()  kfold_seq: 2.
2022.02.12 21:16:05.198  D  LightGBM.train().objective()  kfold_seq: 3.
2022.02.12 21:16:05.428  D  LightGBM.train().objective()  kfold_seq: 4.
2022.02.12 21:16:05.655  D  LightGBM.train().objective()  kfold_seq: 5.
2022.02.12 21:16:05.873  D  LightGBM.train().objective()  kfold_seq: 6.
2022.02.12 21:16:06.090  D  LightGBM.train().objective()  kfold_seq: 7.
2022.02.12 21:16:06.304  D  LightGBM.train().objective()  kfold_seq: 8.
2022.02.12 21:16:06.551  D  LightGBM.train().objective()  kfold_seq: 9.
2022.02.12 21:16:06.776  D  LightGBM.train().objective()  kfold_seq: 10.
2022.02.12 21:16:07.014  D  LightGBM.train().objective()  Start, 22, X.shape: 886, y.shape: 886
2022.02.12 21:16:07.123  D  LightGBM.train().objective()  kfold_seq: 1.
2022.02.12 21:16:07.278  D  LightGBM.train().objective()  kfold_seq: 2.
2022.02.12 21:16:07.503  D  LightGBM.train().objective()  kfold_seq: 3.
2022.02.12 21:16:07.739  D  LightGBM.train().objective()  kfold_seq: 4.
2022.02.12 21:16:07.970  D  LightGBM.train().objective()  kfold_seq: 5.
2022.02.12 21:16:08.201  D  LightGBM.train().objective()  kfold_seq: 6.
2022.02.12 21:16:08.439  D  LightGBM.train().objective()  kfold_seq: 7.
2022.02.12 21:16:08.667  D  LightGBM.train().objective()  kfold_seq: 8.
2022.02.12 21:16:08.913  D  LightGBM.train().objective()  kfold_seq: 9.
2022.02.12 21:16:09.151  D  LightGBM.train().objective()  kfold_seq: 10.
2022.02.12 21:16:09.392  D  LightGBM.train().objective()  Start, 23, X.shape: 886, y.shape: 886
2022.02.12 21:16:09.497  D  LightGBM.train().objective()  kfold_seq: 1.
2022.02.12 21:16:09.666  D  LightGBM.train().objective()  kfold_seq: 2.
2022.02.12 21:16:09.903  D  LightGBM.train().objective()  kfold_seq: 3.
2022.02.12 21:16:10.166  D  LightGBM.train().objective()  kfold_seq: 4.
2022.02.12 21:16:10.420  D  LightGBM.train().objective()  kfold_seq: 5.
2022.02.12 21:16:10.656  D  LightGBM.train().objective()  kfold_seq: 6.
2022.02.12 21:16:10.894  D  LightGBM.train().objective()  kfold_seq: 7.
2022.02.12 21:16:11.136  D  LightGBM.train().objective()  kfold_seq: 8.
2022.02.12 21:16:11.358  D  LightGBM.train().objective()  kfold_seq: 9.
2022.02.12 21:16:11.564  D  LightGBM.train().objective()  kfold_seq: 10.
2022.02.12 21:16:11.786  D  LightGBM.train().objective()  Start, 24, X.shape: 886, y.shape: 886
2022.02.12 21:16:11.895  D  LightGBM.train().objective()  kfold_seq: 1.
2022.02.12 21:16:12.038  D  LightGBM.train().objective()  kfold_seq: 2.
2022.02.12 21:16:12.273  D  LightGBM.train().objective()  kfold_seq: 3.
2022.02.12 21:16:12.507  D  LightGBM.train().objective()  kfold_seq: 4.
2022.02.12 21:16:12.735  D  LightGBM.train().objective()  kfold_seq: 5.
2022.02.12 21:16:12.964  D  LightGBM.train().objective()  kfold_seq: 6.
2022.02.12 21:16:13.193  D  LightGBM.train().objective()  kfold_seq: 7.
2022.02.12 21:16:13.432  D  LightGBM.train().objective()  kfold_seq: 8.
2022.02.12 21:16:13.661  D  LightGBM.train().objective()  kfold_seq: 9.
2022.02.12 21:16:13.886  D  LightGBM.train().objective()  kfold_seq: 10.
2022.02.12 21:16:14.126  D  LightGBM.train().objective()  Start, 25, X.shape: 886, y.shape: 886
2022.02.12 21:16:14.233  D  LightGBM.train().objective()  kfold_seq: 1.
2022.02.12 21:16:14.388  D  LightGBM.train().objective()  kfold_seq: 2.
2022.02.12 21:16:14.616  D  LightGBM.train().objective()  kfold_seq: 3.
2022.02.12 21:16:14.848  D  LightGBM.train().objective()  kfold_seq: 4.
2022.02.12 21:16:15.085  D  LightGBM.train().objective()  kfold_seq: 5.
2022.02.12 21:16:15.319  D  LightGBM.train().objective()  kfold_seq: 6.
2022.02.12 21:16:15.557  D  LightGBM.train().objective()  kfold_seq: 7.
2022.02.12 21:16:15.786  D  LightGBM.train().objective()  kfold_seq: 8.
2022.02.12 21:16:16.020  D  LightGBM.train().objective()  kfold_seq: 9.
2022.02.12 21:16:16.249  D  LightGBM.train().objective()  kfold_seq: 10.
2022.02.12 21:16:16.482  D  LightGBM.train().objective()  Start, 26, X.shape: 886, y.shape: 886
2022.02.12 21:16:16.591  D  LightGBM.train().objective()  kfold_seq: 1.
2022.02.12 21:16:16.759  D  LightGBM.train().objective()  kfold_seq: 2.
2022.02.12 21:16:16.989  D  LightGBM.train().objective()  kfold_seq: 3.
2022.02.12 21:16:17.236  D  LightGBM.train().objective()  kfold_seq: 4.
2022.02.12 21:16:17.483  D  LightGBM.train().objective()  kfold_seq: 5.
2022.02.12 21:16:17.732  D  LightGBM.train().objective()  kfold_seq: 6.
2022.02.12 21:16:17.970  D  LightGBM.train().objective()  kfold_seq: 7.
2022.02.12 21:16:18.239  D  LightGBM.train().objective()  kfold_seq: 8.
2022.02.12 21:16:18.532  D  LightGBM.train().objective()  kfold_seq: 9.
2022.02.12 21:16:18.817  D  LightGBM.train().objective()  kfold_seq: 10.
2022.02.12 21:16:19.110  D  LightGBM.train().objective()  Start, 27, X.shape: 886, y.shape: 886
2022.02.12 21:16:19.223  D  LightGBM.train().objective()  kfold_seq: 1.
2022.02.12 21:16:19.405  D  LightGBM.train().objective()  kfold_seq: 2.
2022.02.12 21:16:19.662  D  LightGBM.train().objective()  kfold_seq: 3.
2022.02.12 21:16:19.927  D  LightGBM.train().objective()  kfold_seq: 4.
2022.02.12 21:16:20.173  D  LightGBM.train().objective()  kfold_seq: 5.
2022.02.12 21:16:20.413  D  LightGBM.train().objective()  kfold_seq: 6.
2022.02.12 21:16:20.675  D  LightGBM.train().objective()  kfold_seq: 7.
2022.02.12 21:16:20.924  D  LightGBM.train().objective()  kfold_seq: 8.
2022.02.12 21:16:21.148  D  LightGBM.train().objective()  kfold_seq: 9.
2022.02.12 21:16:21.396  D  LightGBM.train().objective()  kfold_seq: 10.
2022.02.12 21:16:21.646  D  LightGBM.train().objective()  Start, 28, X.shape: 886, y.shape: 886
2022.02.12 21:16:21.752  D  LightGBM.train().objective()  kfold_seq: 1.
2022.02.12 21:16:21.910  D  LightGBM.train().objective()  kfold_seq: 2.
2022.02.12 21:16:22.123  D  LightGBM.train().objective()  kfold_seq: 3.
2022.02.12 21:16:22.354  D  LightGBM.train().objective()  kfold_seq: 4.
2022.02.12 21:16:22.589  D  LightGBM.train().objective()  kfold_seq: 5.
2022.02.12 21:16:22.818  D  LightGBM.train().objective()  kfold_seq: 6.
2022.02.12 21:16:23.052  D  LightGBM.train().objective()  kfold_seq: 7.
2022.02.12 21:16:23.287  D  LightGBM.train().objective()  kfold_seq: 8.
2022.02.12 21:16:23.526  D  LightGBM.train().objective()  kfold_seq: 9.
2022.02.12 21:16:23.759  D  LightGBM.train().objective()  kfold_seq: 10.
2022.02.12 21:16:24.016  D  LightGBM.train().objective()  Start, 29, X.shape: 886, y.shape: 886
2022.02.12 21:16:24.127  D  LightGBM.train().objective()  kfold_seq: 1.
2022.02.12 21:16:24.297  D  LightGBM.train().objective()  kfold_seq: 2.
2022.02.12 21:16:24.542  D  LightGBM.train().objective()  kfold_seq: 3.
2022.02.12 21:16:24.775  D  LightGBM.train().objective()  kfold_seq: 4.
2022.02.12 21:16:25.009  D  LightGBM.train().objective()  kfold_seq: 5.
2022.02.12 21:16:25.238  D  LightGBM.train().objective()  kfold_seq: 6.
2022.02.12 21:16:25.479  D  LightGBM.train().objective()  kfold_seq: 7.
2022.02.12 21:16:25.709  D  LightGBM.train().objective()  kfold_seq: 8.
2022.02.12 21:16:25.936  D  LightGBM.train().objective()  kfold_seq: 9.
2022.02.12 21:16:26.169  D  LightGBM.train().objective()  kfold_seq: 10.
2022.02.12 21:16:26.394  D  LightGBM.train().objective()  Start, 30, X.shape: 886, y.shape: 886
2022.02.12 21:16:26.501  D  LightGBM.train().objective()  kfold_seq: 1.
2022.02.12 21:16:26.668  D  LightGBM.train().objective()  kfold_seq: 2.
2022.02.12 21:16:26.905  D  LightGBM.train().objective()  kfold_seq: 3.
2022.02.12 21:16:27.148  D  LightGBM.train().objective()  kfold_seq: 4.
2022.02.12 21:16:27.392  D  LightGBM.train().objective()  kfold_seq: 5.
2022.02.12 21:16:27.638  D  LightGBM.train().objective()  kfold_seq: 6.
2022.02.12 21:16:27.879  D  LightGBM.train().objective()  kfold_seq: 7.
2022.02.12 21:16:28.137  D  LightGBM.train().objective()  kfold_seq: 8.
2022.02.12 21:16:28.387  D  LightGBM.train().objective()  kfold_seq: 9.
2022.02.12 21:16:28.633  D  LightGBM.train().objective()  kfold_seq: 10.
2022.02.12 21:16:28.877  D  LightGBM.train().objective()  Start, 31, X.shape: 886, y.shape: 886
2022.02.12 21:16:28.990  D  LightGBM.train().objective()  kfold_seq: 1.
2022.02.12 21:16:29.152  D  LightGBM.train().objective()  kfold_seq: 2.
2022.02.12 21:16:29.395  D  LightGBM.train().objective()  kfold_seq: 3.
2022.02.12 21:16:29.627  D  LightGBM.train().objective()  kfold_seq: 4.
2022.02.12 21:16:29.880  D  LightGBM.train().objective()  kfold_seq: 5.
2022.02.12 21:16:30.162  D  LightGBM.train().objective()  kfold_seq: 6.
2022.02.12 21:16:30.441  D  LightGBM.train().objective()  kfold_seq: 7.
2022.02.12 21:16:30.701  D  LightGBM.train().objective()  kfold_seq: 8.
2022.02.12 21:16:31.011  D  LightGBM.train().objective()  kfold_seq: 9.
2022.02.12 21:16:31.266  D  LightGBM.train().objective()  kfold_seq: 10.
2022.02.12 21:16:31.516  D  LightGBM.train().objective()  Start, 32, X.shape: 886, y.shape: 886
2022.02.12 21:16:31.626  D  LightGBM.train().objective()  kfold_seq: 1.
2022.02.12 21:16:31.786  D  LightGBM.train().objective()  kfold_seq: 2.
2022.02.12 21:16:32.027  D  LightGBM.train().objective()  kfold_seq: 3.
2022.02.12 21:16:32.264  D  LightGBM.train().objective()  kfold_seq: 4.
2022.02.12 21:16:32.512  D  LightGBM.train().objective()  kfold_seq: 5.
2022.02.12 21:16:32.747  D  LightGBM.train().objective()  kfold_seq: 6.
2022.02.12 21:16:32.979  D  LightGBM.train().objective()  kfold_seq: 7.
2022.02.12 21:16:33.220  D  LightGBM.train().objective()  kfold_seq: 8.
2022.02.12 21:16:33.464  D  LightGBM.train().objective()  kfold_seq: 9.
2022.02.12 21:16:33.714  D  LightGBM.train().objective()  kfold_seq: 10.
2022.02.12 21:16:33.956  D  LightGBM.train().objective()  Start, 33, X.shape: 886, y.shape: 886
2022.02.12 21:16:34.067  D  LightGBM.train().objective()  kfold_seq: 1.
2022.02.12 21:16:34.229  D  LightGBM.train().objective()  kfold_seq: 2.
2022.02.12 21:16:34.505  D  LightGBM.train().objective()  kfold_seq: 3.
2022.02.12 21:16:34.742  D  LightGBM.train().objective()  kfold_seq: 4.
2022.02.12 21:16:34.983  D  LightGBM.train().objective()  kfold_seq: 5.
2022.02.12 21:16:35.222  D  LightGBM.train().objective()  kfold_seq: 6.
2022.02.12 21:16:35.456  D  LightGBM.train().objective()  kfold_seq: 7.
2022.02.12 21:16:35.721  D  LightGBM.train().objective()  kfold_seq: 8.
2022.02.12 21:16:35.974  D  LightGBM.train().objective()  kfold_seq: 9.
2022.02.12 21:16:36.237  D  LightGBM.train().objective()  kfold_seq: 10.
2022.02.12 21:16:36.497  D  LightGBM.train().objective()  Start, 34, X.shape: 886, y.shape: 886
2022.02.12 21:16:36.613  D  LightGBM.train().objective()  kfold_seq: 1.
2022.02.12 21:16:36.777  D  LightGBM.train().objective()  kfold_seq: 2.
2022.02.12 21:16:37.020  D  LightGBM.train().objective()  kfold_seq: 3.
2022.02.12 21:16:37.279  D  LightGBM.train().objective()  kfold_seq: 4.
2022.02.12 21:16:37.547  D  LightGBM.train().objective()  kfold_seq: 5.
2022.02.12 21:16:37.805  D  LightGBM.train().objective()  kfold_seq: 6.
2022.02.12 21:16:38.087  D  LightGBM.train().objective()  kfold_seq: 7.
2022.02.12 21:16:38.343  D  LightGBM.train().objective()  kfold_seq: 8.
2022.02.12 21:16:38.591  D  LightGBM.train().objective()  kfold_seq: 9.
2022.02.12 21:16:38.844  D  LightGBM.train().objective()  kfold_seq: 10.
2022.02.12 21:16:39.101  D  LightGBM.train().objective()  Start, 35, X.shape: 886, y.shape: 886
2022.02.12 21:16:39.211  D  LightGBM.train().objective()  kfold_seq: 1.
2022.02.12 21:16:39.374  D  LightGBM.train().objective()  kfold_seq: 2.
2022.02.12 21:16:39.612  D  LightGBM.train().objective()  kfold_seq: 3.
2022.02.12 21:16:39.849  D  LightGBM.train().objective()  kfold_seq: 4.
2022.02.12 21:16:40.087  D  LightGBM.train().objective()  kfold_seq: 5.
2022.02.12 21:16:40.326  D  LightGBM.train().objective()  kfold_seq: 6.
2022.02.12 21:16:40.570  D  LightGBM.train().objective()  kfold_seq: 7.
2022.02.12 21:16:40.799  D  LightGBM.train().objective()  kfold_seq: 8.
2022.02.12 21:16:41.031  D  LightGBM.train().objective()  kfold_seq: 9.
2022.02.12 21:16:41.271  D  LightGBM.train().objective()  kfold_seq: 10.
2022.02.12 21:16:41.502  D  LightGBM.train().objective()  Start, 36, X.shape: 886, y.shape: 886
2022.02.12 21:16:41.609  D  LightGBM.train().objective()  kfold_seq: 1.
2022.02.12 21:16:41.774  D  LightGBM.train().objective()  kfold_seq: 2.
2022.02.12 21:16:41.998  D  LightGBM.train().objective()  kfold_seq: 3.
2022.02.12 21:16:42.231  D  LightGBM.train().objective()  kfold_seq: 4.
2022.02.12 21:16:42.445  D  LightGBM.train().objective()  kfold_seq: 5.
2022.02.12 21:16:42.682  D  LightGBM.train().objective()  kfold_seq: 6.
2022.02.12 21:16:42.915  D  LightGBM.train().objective()  kfold_seq: 7.
2022.02.12 21:16:43.145  D  LightGBM.train().objective()  kfold_seq: 8.
2022.02.12 21:16:43.376  D  LightGBM.train().objective()  kfold_seq: 9.
2022.02.12 21:16:43.602  D  LightGBM.train().objective()  kfold_seq: 10.
2022.02.12 21:16:43.830  D  LightGBM.train().objective()  Start, 37, X.shape: 886, y.shape: 886
2022.02.12 21:16:43.938  D  LightGBM.train().objective()  kfold_seq: 1.
2022.02.12 21:16:44.093  D  LightGBM.train().objective()  kfold_seq: 2.
2022.02.12 21:16:44.315  D  LightGBM.train().objective()  kfold_seq: 3.
2022.02.12 21:16:44.548  D  LightGBM.train().objective()  kfold_seq: 4.
2022.02.12 21:16:44.783  D  LightGBM.train().objective()  kfold_seq: 5.
2022.02.12 21:16:45.008  D  LightGBM.train().objective()  kfold_seq: 6.
2022.02.12 21:16:45.229  D  LightGBM.train().objective()  kfold_seq: 7.
2022.02.12 21:16:45.457  D  LightGBM.train().objective()  kfold_seq: 8.
2022.02.12 21:16:45.679  D  LightGBM.train().objective()  kfold_seq: 9.
2022.02.12 21:16:45.911  D  LightGBM.train().objective()  kfold_seq: 10.
2022.02.12 21:16:46.147  D  LightGBM.train().objective()  Start, 38, X.shape: 886, y.shape: 886
2022.02.12 21:16:46.254  D  LightGBM.train().objective()  kfold_seq: 1.
2022.02.12 21:16:46.404  D  LightGBM.train().objective()  kfold_seq: 2.
2022.02.12 21:16:46.634  D  LightGBM.train().objective()  kfold_seq: 3.
2022.02.12 21:16:46.861  D  LightGBM.train().objective()  kfold_seq: 4.
2022.02.12 21:16:47.089  D  LightGBM.train().objective()  kfold_seq: 5.
2022.02.12 21:16:47.331  D  LightGBM.train().objective()  kfold_seq: 6.
2022.02.12 21:16:47.555  D  LightGBM.train().objective()  kfold_seq: 7.
2022.02.12 21:16:47.793  D  LightGBM.train().objective()  kfold_seq: 8.
2022.02.12 21:16:48.020  D  LightGBM.train().objective()  kfold_seq: 9.
2022.02.12 21:16:48.256  D  LightGBM.train().objective()  kfold_seq: 10.
2022.02.12 21:16:48.484  D  LightGBM.train().objective()  Start, 39, X.shape: 886, y.shape: 886
2022.02.12 21:16:48.596  D  LightGBM.train().objective()  kfold_seq: 1.
2022.02.12 21:16:48.758  D  LightGBM.train().objective()  kfold_seq: 2.
2022.02.12 21:16:48.984  D  LightGBM.train().objective()  kfold_seq: 3.
2022.02.12 21:16:49.212  D  LightGBM.train().objective()  kfold_seq: 4.
2022.02.12 21:16:49.437  D  LightGBM.train().objective()  kfold_seq: 5.
2022.02.12 21:16:49.672  D  LightGBM.train().objective()  kfold_seq: 6.
2022.02.12 21:16:49.899  D  LightGBM.train().objective()  kfold_seq: 7.
2022.02.12 21:16:50.134  D  LightGBM.train().objective()  kfold_seq: 8.
2022.02.12 21:16:50.369  D  LightGBM.train().objective()  kfold_seq: 9.
2022.02.12 21:16:50.608  D  LightGBM.train().objective()  kfold_seq: 10.
2022.02.12 21:16:50.844  D  LightGBM.train().objective()  Start, 40, X.shape: 886, y.shape: 886
2022.02.12 21:16:50.956  D  LightGBM.train().objective()  kfold_seq: 1.
2022.02.12 21:16:51.114  D  LightGBM.train().objective()  kfold_seq: 2.
2022.02.12 21:16:51.354  D  LightGBM.train().objective()  kfold_seq: 3.
2022.02.12 21:16:51.584  D  LightGBM.train().objective()  kfold_seq: 4.
2022.02.12 21:16:51.812  D  LightGBM.train().objective()  kfold_seq: 5.
2022.02.12 21:16:52.046  D  LightGBM.train().objective()  kfold_seq: 6.
2022.02.12 21:16:52.277  D  LightGBM.train().objective()  kfold_seq: 7.
2022.02.12 21:16:52.497  D  LightGBM.train().objective()  kfold_seq: 8.
2022.02.12 21:16:52.718  D  LightGBM.train().objective()  kfold_seq: 9.
2022.02.12 21:16:52.944  D  LightGBM.train().objective()  kfold_seq: 10.
2022.02.12 21:16:53.178  D  LightGBM.train().objective()  Start, 41, X.shape: 886, y.shape: 886
2022.02.12 21:16:53.285  D  LightGBM.train().objective()  kfold_seq: 1.
2022.02.12 21:16:53.440  D  LightGBM.train().objective()  kfold_seq: 2.
2022.02.12 21:16:53.667  D  LightGBM.train().objective()  kfold_seq: 3.
2022.02.12 21:16:53.886  D  LightGBM.train().objective()  kfold_seq: 4.
2022.02.12 21:16:54.111  D  LightGBM.train().objective()  kfold_seq: 5.
2022.02.12 21:16:54.349  D  LightGBM.train().objective()  kfold_seq: 6.
2022.02.12 21:16:54.582  D  LightGBM.train().objective()  kfold_seq: 7.
2022.02.12 21:16:54.813  D  LightGBM.train().objective()  kfold_seq: 8.
2022.02.12 21:16:55.040  D  LightGBM.train().objective()  kfold_seq: 9.
2022.02.12 21:16:55.276  D  LightGBM.train().objective()  kfold_seq: 10.
2022.02.12 21:16:55.515  D  LightGBM.train().objective()  Start, 42, X.shape: 886, y.shape: 886
2022.02.12 21:16:55.625  D  LightGBM.train().objective()  kfold_seq: 1.
2022.02.12 21:16:55.789  D  LightGBM.train().objective()  kfold_seq: 2.
2022.02.12 21:16:56.037  D  LightGBM.train().objective()  kfold_seq: 3.
2022.02.12 21:16:56.292  D  LightGBM.train().objective()  kfold_seq: 4.
2022.02.12 21:16:56.534  D  LightGBM.train().objective()  kfold_seq: 5.
2022.02.12 21:16:56.780  D  LightGBM.train().objective()  kfold_seq: 6.
2022.02.12 21:16:57.016  D  LightGBM.train().objective()  kfold_seq: 7.
2022.02.12 21:16:57.265  D  LightGBM.train().objective()  kfold_seq: 8.
2022.02.12 21:16:57.512  D  LightGBM.train().objective()  kfold_seq: 9.
2022.02.12 21:16:57.753  D  LightGBM.train().objective()  kfold_seq: 10.
2022.02.12 21:16:58.005  D  LightGBM.train().objective()  Start, 43, X.shape: 886, y.shape: 886
2022.02.12 21:16:58.114  D  LightGBM.train().objective()  kfold_seq: 1.
2022.02.12 21:16:58.276  D  LightGBM.train().objective()  kfold_seq: 2.
2022.02.12 21:16:58.503  D  LightGBM.train().objective()  kfold_seq: 3.
2022.02.12 21:16:58.734  D  LightGBM.train().objective()  kfold_seq: 4.
2022.02.12 21:16:58.964  D  LightGBM.train().objective()  kfold_seq: 5.
2022.02.12 21:16:59.200  D  LightGBM.train().objective()  kfold_seq: 6.
2022.02.12 21:16:59.434  D  LightGBM.train().objective()  kfold_seq: 7.
2022.02.12 21:16:59.659  D  LightGBM.train().objective()  kfold_seq: 8.
2022.02.12 21:16:59.884  D  LightGBM.train().objective()  kfold_seq: 9.
2022.02.12 21:17:00.092  D  LightGBM.train().objective()  kfold_seq: 10.
2022.02.12 21:17:00.321  D  LightGBM.train().objective()  Start, 44, X.shape: 886, y.shape: 886
2022.02.12 21:17:00.426  D  LightGBM.train().objective()  kfold_seq: 1.
2022.02.12 21:17:00.597  D  LightGBM.train().objective()  kfold_seq: 2.
2022.02.12 21:17:00.839  D  LightGBM.train().objective()  kfold_seq: 3.
2022.02.12 21:17:01.085  D  LightGBM.train().objective()  kfold_seq: 4.
2022.02.12 21:17:01.322  D  LightGBM.train().objective()  kfold_seq: 5.
2022.02.12 21:17:01.557  D  LightGBM.train().objective()  kfold_seq: 6.
2022.02.12 21:17:01.805  D  LightGBM.train().objective()  kfold_seq: 7.
2022.02.12 21:17:02.034  D  LightGBM.train().objective()  kfold_seq: 8.
2022.02.12 21:17:02.281  D  LightGBM.train().objective()  kfold_seq: 9.
2022.02.12 21:17:02.532  D  LightGBM.train().objective()  kfold_seq: 10.
2022.02.12 21:17:02.771  D  LightGBM.train().objective()  Start, 45, X.shape: 886, y.shape: 886
2022.02.12 21:17:02.879  D  LightGBM.train().objective()  kfold_seq: 1.
2022.02.12 21:17:03.064  D  LightGBM.train().objective()  kfold_seq: 2.
2022.02.12 21:17:03.314  D  LightGBM.train().objective()  kfold_seq: 3.
2022.02.12 21:17:03.567  D  LightGBM.train().objective()  kfold_seq: 4.
2022.02.12 21:17:03.809  D  LightGBM.train().objective()  kfold_seq: 5.
2022.02.12 21:17:04.058  D  LightGBM.train().objective()  kfold_seq: 6.
2022.02.12 21:17:04.298  D  LightGBM.train().objective()  kfold_seq: 7.
2022.02.12 21:17:04.532  D  LightGBM.train().objective()  kfold_seq: 8.
2022.02.12 21:17:04.779  D  LightGBM.train().objective()  kfold_seq: 9.
2022.02.12 21:17:05.020  D  LightGBM.train().objective()  kfold_seq: 10.
2022.02.12 21:17:05.265  D  LightGBM.train().objective()  Start, 46, X.shape: 886, y.shape: 886
2022.02.12 21:17:05.377  D  LightGBM.train().objective()  kfold_seq: 1.
2022.02.12 21:17:05.533  D  LightGBM.train().objective()  kfold_seq: 2.
2022.02.12 21:17:05.743  D  LightGBM.train().objective()  kfold_seq: 3.
2022.02.12 21:17:05.984  D  LightGBM.train().objective()  kfold_seq: 4.
2022.02.12 21:17:06.217  D  LightGBM.train().objective()  kfold_seq: 5.
2022.02.12 21:17:06.452  D  LightGBM.train().objective()  kfold_seq: 6.
2022.02.12 21:17:06.685  D  LightGBM.train().objective()  kfold_seq: 7.
2022.02.12 21:17:06.915  D  LightGBM.train().objective()  kfold_seq: 8.
2022.02.12 21:17:07.147  D  LightGBM.train().objective()  kfold_seq: 9.
2022.02.12 21:17:07.379  D  LightGBM.train().objective()  kfold_seq: 10.
2022.02.12 21:17:07.622  D  LightGBM.train().objective()  Start, 47, X.shape: 886, y.shape: 886
2022.02.12 21:17:07.732  D  LightGBM.train().objective()  kfold_seq: 1.
2022.02.12 21:17:07.885  D  LightGBM.train().objective()  kfold_seq: 2.
2022.02.12 21:17:08.115  D  LightGBM.train().objective()  kfold_seq: 3.
2022.02.12 21:17:08.356  D  LightGBM.train().objective()  kfold_seq: 4.
2022.02.12 21:17:08.593  D  LightGBM.train().objective()  kfold_seq: 5.
2022.02.12 21:17:08.829  D  LightGBM.train().objective()  kfold_seq: 6.
2022.02.12 21:17:09.068  D  LightGBM.train().objective()  kfold_seq: 7.
2022.02.12 21:17:09.305  D  LightGBM.train().objective()  kfold_seq: 8.
2022.02.12 21:17:09.533  D  LightGBM.train().objective()  kfold_seq: 9.
2022.02.12 21:17:09.772  D  LightGBM.train().objective()  kfold_seq: 10.
2022.02.12 21:17:10.001  D  LightGBM.train().objective()  Start, 48, X.shape: 886, y.shape: 886
2022.02.12 21:17:10.110  D  LightGBM.train().objective()  kfold_seq: 1.
2022.02.12 21:17:10.266  D  LightGBM.train().objective()  kfold_seq: 2.
2022.02.12 21:17:10.516  D  LightGBM.train().objective()  kfold_seq: 3.
2022.02.12 21:17:10.766  D  LightGBM.train().objective()  kfold_seq: 4.
2022.02.12 21:17:11.010  D  LightGBM.train().objective()  kfold_seq: 5.
2022.02.12 21:17:11.255  D  LightGBM.train().objective()  kfold_seq: 6.
2022.02.12 21:17:11.501  D  LightGBM.train().objective()  kfold_seq: 7.
2022.02.12 21:17:11.733  D  LightGBM.train().objective()  kfold_seq: 8.
2022.02.12 21:17:11.970  D  LightGBM.train().objective()  kfold_seq: 9.
2022.02.12 21:17:12.215  D  LightGBM.train().objective()  kfold_seq: 10.
2022.02.12 21:17:12.466  D  LightGBM.train().objective()  Start, 49, X.shape: 886, y.shape: 886
2022.02.12 21:17:12.580  D  LightGBM.train().objective()  kfold_seq: 1.
2022.02.12 21:17:12.751  D  LightGBM.train().objective()  kfold_seq: 2.
2022.02.12 21:17:12.983  D  LightGBM.train().objective()  kfold_seq: 3.
2022.02.12 21:17:13.220  D  LightGBM.train().objective()  kfold_seq: 4.
2022.02.12 21:17:13.473  D  LightGBM.train().objective()  kfold_seq: 5.
2022.02.12 21:17:13.715  D  LightGBM.train().objective()  kfold_seq: 6.
2022.02.12 21:17:13.962  D  LightGBM.train().objective()  kfold_seq: 7.
2022.02.12 21:17:14.197  D  LightGBM.train().objective()  kfold_seq: 8.
2022.02.12 21:17:14.429  D  LightGBM.train().objective()  kfold_seq: 9.
2022.02.12 21:17:14.675  D  LightGBM.train().objective()  kfold_seq: 10.
2022.02.12 21:17:14.925  D  LightGBM.train().objective()  Start, 50, X.shape: 886, y.shape: 886
2022.02.12 21:17:15.036  D  LightGBM.train().objective()  kfold_seq: 1.
2022.02.12 21:17:15.201  D  LightGBM.train().objective()  kfold_seq: 2.
2022.02.12 21:17:15.435  D  LightGBM.train().objective()  kfold_seq: 3.
2022.02.12 21:17:15.685  D  LightGBM.train().objective()  kfold_seq: 4.
2022.02.12 21:17:15.927  D  LightGBM.train().objective()  kfold_seq: 5.
2022.02.12 21:17:16.170  D  LightGBM.train().objective()  kfold_seq: 6.
2022.02.12 21:17:16.409  D  LightGBM.train().objective()  kfold_seq: 7.
2022.02.12 21:17:16.643  D  LightGBM.train().objective()  kfold_seq: 8.
2022.02.12 21:17:16.879  D  LightGBM.train().objective()  kfold_seq: 9.
2022.02.12 21:17:17.115  D  LightGBM.train().objective()  kfold_seq: 10.
2022.02.12 21:17:17.358  D  LightGBM.train().objective()  Start, 51, X.shape: 886, y.shape: 886
2022.02.12 21:17:17.469  D  LightGBM.train().objective()  kfold_seq: 1.
2022.02.12 21:17:17.626  D  LightGBM.train().objective()  kfold_seq: 2.
2022.02.12 21:17:17.861  D  LightGBM.train().objective()  kfold_seq: 3.
2022.02.12 21:17:18.101  D  LightGBM.train().objective()  kfold_seq: 4.
2022.02.12 21:17:18.348  D  LightGBM.train().objective()  kfold_seq: 5.
2022.02.12 21:17:18.593  D  LightGBM.train().objective()  kfold_seq: 6.
2022.02.12 21:17:18.853  D  LightGBM.train().objective()  kfold_seq: 7.
2022.02.12 21:17:19.091  D  LightGBM.train().objective()  kfold_seq: 8.
2022.02.12 21:17:19.347  D  LightGBM.train().objective()  kfold_seq: 9.
2022.02.12 21:17:19.578  D  LightGBM.train().objective()  kfold_seq: 10.
2022.02.12 21:17:19.812  D  LightGBM.train().objective()  Start, 52, X.shape: 886, y.shape: 886
2022.02.12 21:17:19.921  D  LightGBM.train().objective()  kfold_seq: 1.
2022.02.12 21:17:20.083  D  LightGBM.train().objective()  kfold_seq: 2.
2022.02.12 21:17:20.317  D  LightGBM.train().objective()  kfold_seq: 3.
2022.02.12 21:17:20.555  D  LightGBM.train().objective()  kfold_seq: 4.
2022.02.12 21:17:20.774  D  LightGBM.train().objective()  kfold_seq: 5.
2022.02.12 21:17:21.008  D  LightGBM.train().objective()  kfold_seq: 6.
2022.02.12 21:17:21.243  D  LightGBM.train().objective()  kfold_seq: 7.
2022.02.12 21:17:21.477  D  LightGBM.train().objective()  kfold_seq: 8.
2022.02.12 21:17:21.707  D  LightGBM.train().objective()  kfold_seq: 9.
2022.02.12 21:17:21.942  D  LightGBM.train().objective()  kfold_seq: 10.
2022.02.12 21:17:22.198  D  LightGBM.train().objective()  Start, 53, X.shape: 886, y.shape: 886
2022.02.12 21:17:22.312  D  LightGBM.train().objective()  kfold_seq: 1.
2022.02.12 21:17:22.476  D  LightGBM.train().objective()  kfold_seq: 2.
2022.02.12 21:17:22.716  D  LightGBM.train().objective()  kfold_seq: 3.
2022.02.12 21:17:22.938  D  LightGBM.train().objective()  kfold_seq: 4.
2022.02.12 21:17:23.171  D  LightGBM.train().objective()  kfold_seq: 5.
2022.02.12 21:17:23.409  D  LightGBM.train().objective()  kfold_seq: 6.
2022.02.12 21:17:23.646  D  LightGBM.train().objective()  kfold_seq: 7.
2022.02.12 21:17:23.868  D  LightGBM.train().objective()  kfold_seq: 8.
2022.02.12 21:17:24.098  D  LightGBM.train().objective()  kfold_seq: 9.
2022.02.12 21:17:24.332  D  LightGBM.train().objective()  kfold_seq: 10.
2022.02.12 21:17:24.567  D  LightGBM.train().objective()  Start, 54, X.shape: 886, y.shape: 886
2022.02.12 21:17:24.676  D  LightGBM.train().objective()  kfold_seq: 1.
2022.02.12 21:17:24.848  D  LightGBM.train().objective()  kfold_seq: 2.
2022.02.12 21:17:25.071  D  LightGBM.train().objective()  kfold_seq: 3.
2022.02.12 21:17:25.301  D  LightGBM.train().objective()  kfold_seq: 4.
2022.02.12 21:17:25.552  D  LightGBM.train().objective()  kfold_seq: 5.
2022.02.12 21:17:25.789  D  LightGBM.train().objective()  kfold_seq: 6.
2022.02.12 21:17:26.004  D  LightGBM.train().objective()  kfold_seq: 7.
2022.02.12 21:17:26.245  D  LightGBM.train().objective()  kfold_seq: 8.
2022.02.12 21:17:26.480  D  LightGBM.train().objective()  kfold_seq: 9.
2022.02.12 21:17:26.726  D  LightGBM.train().objective()  kfold_seq: 10.
2022.02.12 21:17:26.970  D  LightGBM.train().objective()  Start, 55, X.shape: 886, y.shape: 886
2022.02.12 21:17:27.070  D  LightGBM.train().objective()  kfold_seq: 1.
2022.02.12 21:17:27.242  D  LightGBM.train().objective()  kfold_seq: 2.
2022.02.12 21:17:27.480  D  LightGBM.train().objective()  kfold_seq: 3.
2022.02.12 21:17:27.709  D  LightGBM.train().objective()  kfold_seq: 4.
2022.02.12 21:17:27.943  D  LightGBM.train().objective()  kfold_seq: 5.
2022.02.12 21:17:28.162  D  LightGBM.train().objective()  kfold_seq: 6.
2022.02.12 21:17:28.396  D  LightGBM.train().objective()  kfold_seq: 7.
2022.02.12 21:17:28.634  D  LightGBM.train().objective()  kfold_seq: 8.
2022.02.12 21:17:28.871  D  LightGBM.train().objective()  kfold_seq: 9.
2022.02.12 21:17:29.123  D  LightGBM.train().objective()  kfold_seq: 10.
2022.02.12 21:17:29.363  D  LightGBM.train().objective()  Start, 56, X.shape: 886, y.shape: 886
2022.02.12 21:17:29.473  D  LightGBM.train().objective()  kfold_seq: 1.
2022.02.12 21:17:29.637  D  LightGBM.train().objective()  kfold_seq: 2.
2022.02.12 21:17:29.868  D  LightGBM.train().objective()  kfold_seq: 3.
2022.02.12 21:17:30.103  D  LightGBM.train().objective()  kfold_seq: 4.
2022.02.12 21:17:30.330  D  LightGBM.train().objective()  kfold_seq: 5.
2022.02.12 21:17:30.576  D  LightGBM.train().objective()  kfold_seq: 6.
2022.02.12 21:17:30.798  D  LightGBM.train().objective()  kfold_seq: 7.
2022.02.12 21:17:31.036  D  LightGBM.train().objective()  kfold_seq: 8.
2022.02.12 21:17:31.265  D  LightGBM.train().objective()  kfold_seq: 9.
2022.02.12 21:17:31.498  D  LightGBM.train().objective()  kfold_seq: 10.
2022.02.12 21:17:31.733  D  LightGBM.train().objective()  Start, 57, X.shape: 886, y.shape: 886
2022.02.12 21:17:31.842  D  LightGBM.train().objective()  kfold_seq: 1.
2022.02.12 21:17:31.998  D  LightGBM.train().objective()  kfold_seq: 2.
2022.02.12 21:17:32.217  D  LightGBM.train().objective()  kfold_seq: 3.
2022.02.12 21:17:32.452  D  LightGBM.train().objective()  kfold_seq: 4.
2022.02.12 21:17:32.677  D  LightGBM.train().objective()  kfold_seq: 5.
2022.02.12 21:17:32.911  D  LightGBM.train().objective()  kfold_seq: 6.
2022.02.12 21:17:33.130  D  LightGBM.train().objective()  kfold_seq: 7.
2022.02.12 21:17:33.380  D  LightGBM.train().objective()  kfold_seq: 8.
2022.02.12 21:17:33.600  D  LightGBM.train().objective()  kfold_seq: 9.
2022.02.12 21:17:33.838  D  LightGBM.train().objective()  kfold_seq: 10.
2022.02.12 21:17:34.072  D  LightGBM.train().objective()  Start, 58, X.shape: 886, y.shape: 886
2022.02.12 21:17:34.185  D  LightGBM.train().objective()  kfold_seq: 1.
2022.02.12 21:17:34.357  D  LightGBM.train().objective()  kfold_seq: 2.
2022.02.12 21:17:34.591  D  LightGBM.train().objective()  kfold_seq: 3.
2022.02.12 21:17:34.810  D  LightGBM.train().objective()  kfold_seq: 4.
2022.02.12 21:17:35.044  D  LightGBM.train().objective()  kfold_seq: 5.
2022.02.12 21:17:35.294  D  LightGBM.train().objective()  kfold_seq: 6.
2022.02.12 21:17:35.513  D  LightGBM.train().objective()  kfold_seq: 7.
2022.02.12 21:17:35.747  D  LightGBM.train().objective()  kfold_seq: 8.
2022.02.12 21:17:35.966  D  LightGBM.train().objective()  kfold_seq: 9.
2022.02.12 21:17:36.216  D  LightGBM.train().objective()  kfold_seq: 10.
2022.02.12 21:17:36.450  D  LightGBM.train().objective()  Start, 59, X.shape: 886, y.shape: 886
2022.02.12 21:17:36.560  D  LightGBM.train().objective()  kfold_seq: 1.
2022.02.12 21:17:36.731  D  LightGBM.train().objective()  kfold_seq: 2.
2022.02.12 21:17:36.966  D  LightGBM.train().objective()  kfold_seq: 3.
2022.02.12 21:17:37.200  D  LightGBM.train().objective()  kfold_seq: 4.
2022.02.12 21:17:37.434  D  LightGBM.train().objective()  kfold_seq: 5.
2022.02.12 21:17:37.669  D  LightGBM.train().objective()  kfold_seq: 6.
2022.02.12 21:17:37.903  D  LightGBM.train().objective()  kfold_seq: 7.
2022.02.12 21:17:38.137  D  LightGBM.train().objective()  kfold_seq: 8.
2022.02.12 21:17:38.372  D  LightGBM.train().objective()  kfold_seq: 9.
2022.02.12 21:17:38.607  D  LightGBM.train().objective()  kfold_seq: 10.
2022.02.12 21:17:38.846  D  LightGBM.train().objective()  Start, 60, X.shape: 886, y.shape: 886
2022.02.12 21:17:38.956  D  LightGBM.train().objective()  kfold_seq: 1.
2022.02.12 21:17:39.108  D  LightGBM.train().objective()  kfold_seq: 2.
2022.02.12 21:17:39.358  D  LightGBM.train().objective()  kfold_seq: 3.
2022.02.12 21:17:39.577  D  LightGBM.train().objective()  kfold_seq: 4.
2022.02.12 21:17:39.780  D  LightGBM.train().objective()  kfold_seq: 5.
2022.02.12 21:17:40.014  D  LightGBM.train().objective()  kfold_seq: 6.
2022.02.12 21:17:40.264  D  LightGBM.train().objective()  kfold_seq: 7.
2022.02.12 21:17:40.498  D  LightGBM.train().objective()  kfold_seq: 8.
2022.02.12 21:17:40.733  D  LightGBM.train().objective()  kfold_seq: 9.
2022.02.12 21:17:40.967  D  LightGBM.train().objective()  kfold_seq: 10.
2022.02.12 21:17:41.201  D  LightGBM.train().objective()  Start, 61, X.shape: 886, y.shape: 886
2022.02.12 21:17:41.311  D  LightGBM.train().objective()  kfold_seq: 1.
2022.02.12 21:17:41.467  D  LightGBM.train().objective()  kfold_seq: 2.
2022.02.12 21:17:41.701  D  LightGBM.train().objective()  kfold_seq: 3.
2022.02.12 21:17:41.904  D  LightGBM.train().objective()  kfold_seq: 4.
2022.02.12 21:17:42.123  D  LightGBM.train().objective()  kfold_seq: 5.
2022.02.12 21:17:42.357  D  LightGBM.train().objective()  kfold_seq: 6.
2022.02.12 21:17:42.607  D  LightGBM.train().objective()  kfold_seq: 7.
2022.02.12 21:17:42.826  D  LightGBM.train().objective()  kfold_seq: 8.
2022.02.12 21:17:43.060  D  LightGBM.train().objective()  kfold_seq: 9.
2022.02.12 21:17:43.295  D  LightGBM.train().objective()  kfold_seq: 10.
2022.02.12 21:17:43.529  D  LightGBM.train().objective()  Start, 62, X.shape: 886, y.shape: 886
2022.02.12 21:17:43.642  D  LightGBM.train().objective()  kfold_seq: 1.
2022.02.12 21:17:43.784  D  LightGBM.train().objective()  kfold_seq: 2.
2022.02.12 21:17:44.005  D  LightGBM.train().objective()  kfold_seq: 3.
2022.02.12 21:17:44.249  D  LightGBM.train().objective()  kfold_seq: 4.
2022.02.12 21:17:44.484  D  LightGBM.train().objective()  kfold_seq: 5.
2022.02.12 21:17:44.718  D  LightGBM.train().objective()  kfold_seq: 6.
2022.02.12 21:17:44.952  D  LightGBM.train().objective()  kfold_seq: 7.
2022.02.12 21:17:45.187  D  LightGBM.train().objective()  kfold_seq: 8.
2022.02.12 21:17:45.421  D  LightGBM.train().objective()  kfold_seq: 9.
2022.02.12 21:17:45.655  D  LightGBM.train().objective()  kfold_seq: 10.
2022.02.12 21:17:45.889  D  LightGBM.train().objective()  Start, 63, X.shape: 886, y.shape: 886
2022.02.12 21:17:45.995  D  LightGBM.train().objective()  kfold_seq: 1.
2022.02.12 21:17:46.151  D  LightGBM.train().objective()  kfold_seq: 2.
2022.02.12 21:17:46.385  D  LightGBM.train().objective()  kfold_seq: 3.
2022.02.12 21:17:46.635  D  LightGBM.train().objective()  kfold_seq: 4.
2022.02.12 21:17:46.854  D  LightGBM.train().objective()  kfold_seq: 5.
2022.02.12 21:17:47.088  D  LightGBM.train().objective()  kfold_seq: 6.
2022.02.12 21:17:47.338  D  LightGBM.train().objective()  kfold_seq: 7.
2022.02.12 21:17:47.568  D  LightGBM.train().objective()  kfold_seq: 8.
2022.02.12 21:17:47.803  D  LightGBM.train().objective()  kfold_seq: 9.
2022.02.12 21:17:48.021  D  LightGBM.train().objective()  kfold_seq: 10.
2022.02.12 21:17:48.256  D  LightGBM.train().objective()  Start, 64, X.shape: 886, y.shape: 886
2022.02.12 21:17:48.386  D  LightGBM.train().objective()  kfold_seq: 1.
2022.02.12 21:17:48.542  D  LightGBM.train().objective()  kfold_seq: 2.
2022.02.12 21:17:48.780  D  LightGBM.train().objective()  kfold_seq: 3.
2022.02.12 21:17:49.016  D  LightGBM.train().objective()  kfold_seq: 4.
2022.02.12 21:17:49.251  D  LightGBM.train().objective()  kfold_seq: 5.
2022.02.12 21:17:49.485  D  LightGBM.train().objective()  kfold_seq: 6.
2022.02.12 21:17:49.704  D  LightGBM.train().objective()  kfold_seq: 7.
2022.02.12 21:17:49.938  D  LightGBM.train().objective()  kfold_seq: 8.
2022.02.12 21:17:50.176  D  LightGBM.train().objective()  kfold_seq: 9.
2022.02.12 21:17:50.410  D  LightGBM.train().objective()  kfold_seq: 10.
2022.02.12 21:17:50.660  D  LightGBM.train().objective()  Start, 65, X.shape: 886, y.shape: 886
2022.02.12 21:17:50.769  D  LightGBM.train().objective()  kfold_seq: 1.
2022.02.12 21:17:50.925  D  LightGBM.train().objective()  kfold_seq: 2.
2022.02.12 21:17:51.144  D  LightGBM.train().objective()  kfold_seq: 3.
2022.02.12 21:17:51.394  D  LightGBM.train().objective()  kfold_seq: 4.
2022.02.12 21:17:51.628  D  LightGBM.train().objective()  kfold_seq: 5.
2022.02.12 21:17:51.863  D  LightGBM.train().objective()  kfold_seq: 6.
2022.02.12 21:17:52.097  D  LightGBM.train().objective()  kfold_seq: 7.
2022.02.12 21:17:52.331  D  LightGBM.train().objective()  kfold_seq: 8.
2022.02.12 21:17:52.566  D  LightGBM.train().objective()  kfold_seq: 9.
2022.02.12 21:17:52.800  D  LightGBM.train().objective()  kfold_seq: 10.
2022.02.12 21:17:53.034  D  LightGBM.train().objective()  Start, 66, X.shape: 886, y.shape: 886
2022.02.12 21:17:53.144  D  LightGBM.train().objective()  kfold_seq: 1.
2022.02.12 21:17:53.315  D  LightGBM.train().objective()  kfold_seq: 2.
2022.02.12 21:17:53.534  D  LightGBM.train().objective()  kfold_seq: 3.
2022.02.12 21:17:53.787  D  LightGBM.train().objective()  kfold_seq: 4.
2022.02.12 21:17:54.024  D  LightGBM.train().objective()  kfold_seq: 5.
2022.02.12 21:17:54.251  D  LightGBM.train().objective()  kfold_seq: 6.
2022.02.12 21:17:54.485  D  LightGBM.train().objective()  kfold_seq: 7.
2022.02.12 21:17:54.720  D  LightGBM.train().objective()  kfold_seq: 8.
2022.02.12 21:17:54.954  D  LightGBM.train().objective()  kfold_seq: 9.
2022.02.12 21:17:55.188  D  LightGBM.train().objective()  kfold_seq: 10.
2022.02.12 21:17:55.423  D  LightGBM.train().objective()  Start, 67, X.shape: 886, y.shape: 886
2022.02.12 21:17:55.532  D  LightGBM.train().objective()  kfold_seq: 1.
2022.02.12 21:17:55.688  D  LightGBM.train().objective()  kfold_seq: 2.
2022.02.12 21:17:55.907  D  LightGBM.train().objective()  kfold_seq: 3.
2022.02.12 21:17:56.141  D  LightGBM.train().objective()  kfold_seq: 4.
2022.02.12 21:17:56.376  D  LightGBM.train().objective()  kfold_seq: 5.
2022.02.12 21:17:56.610  D  LightGBM.train().objective()  kfold_seq: 6.
2022.02.12 21:17:56.844  D  LightGBM.train().objective()  kfold_seq: 7.
2022.02.12 21:17:57.094  D  LightGBM.train().objective()  kfold_seq: 8.
2022.02.12 21:17:57.328  D  LightGBM.train().objective()  kfold_seq: 9.
2022.02.12 21:17:57.563  D  LightGBM.train().objective()  kfold_seq: 10.
2022.02.12 21:17:57.797  D  LightGBM.train().objective()  Start, 68, X.shape: 886, y.shape: 886
2022.02.12 21:17:57.906  D  LightGBM.train().objective()  kfold_seq: 1.
2022.02.12 21:17:58.078  D  LightGBM.train().objective()  kfold_seq: 2.
2022.02.12 21:17:58.313  D  LightGBM.train().objective()  kfold_seq: 3.
2022.02.12 21:17:58.547  D  LightGBM.train().objective()  kfold_seq: 4.
2022.02.12 21:17:58.784  D  LightGBM.train().objective()  kfold_seq: 5.
2022.02.12 21:17:59.021  D  LightGBM.train().objective()  kfold_seq: 6.
2022.02.12 21:17:59.252  D  LightGBM.train().objective()  kfold_seq: 7.
2022.02.12 21:17:59.486  D  LightGBM.train().objective()  kfold_seq: 8.
2022.02.12 21:17:59.720  D  LightGBM.train().objective()  kfold_seq: 9.
2022.02.12 21:17:59.970  D  LightGBM.train().objective()  kfold_seq: 10.
2022.02.12 21:18:00.173  D  LightGBM.train().objective()  Start, 69, X.shape: 886, y.shape: 886
2022.02.12 21:18:00.283  D  LightGBM.train().objective()  kfold_seq: 1.
2022.02.12 21:18:00.439  D  LightGBM.train().objective()  kfold_seq: 2.
2022.02.12 21:18:00.673  D  LightGBM.train().objective()  kfold_seq: 3.
2022.02.12 21:18:00.907  D  LightGBM.train().objective()  kfold_seq: 4.
2022.02.12 21:18:01.157  D  LightGBM.train().objective()  kfold_seq: 5.
2022.02.12 21:18:01.392  D  LightGBM.train().objective()  kfold_seq: 6.
2022.02.12 21:18:01.626  D  LightGBM.train().objective()  kfold_seq: 7.
2022.02.12 21:18:01.860  D  LightGBM.train().objective()  kfold_seq: 8.
2022.02.12 21:18:02.095  D  LightGBM.train().objective()  kfold_seq: 9.
2022.02.12 21:18:02.345  D  LightGBM.train().objective()  kfold_seq: 10.
2022.02.12 21:18:02.579  D  LightGBM.train().objective()  Start, 70, X.shape: 886, y.shape: 886
2022.02.12 21:18:02.688  D  LightGBM.train().objective()  kfold_seq: 1.
2022.02.12 21:18:02.860  D  LightGBM.train().objective()  kfold_seq: 2.
2022.02.12 21:18:03.094  D  LightGBM.train().objective()  kfold_seq: 3.
2022.02.12 21:18:03.329  D  LightGBM.train().objective()  kfold_seq: 4.
2022.02.12 21:18:03.563  D  LightGBM.train().objective()  kfold_seq: 5.
2022.02.12 21:18:03.800  D  LightGBM.train().objective()  kfold_seq: 6.
2022.02.12 21:18:04.037  D  LightGBM.train().objective()  kfold_seq: 7.
2022.02.12 21:18:04.271  D  LightGBM.train().objective()  kfold_seq: 8.
2022.02.12 21:18:04.505  D  LightGBM.train().objective()  kfold_seq: 9.
2022.02.12 21:18:04.740  D  LightGBM.train().objective()  kfold_seq: 10.
2022.02.12 21:18:04.973  D  LightGBM.train().objective()  Start, 71, X.shape: 886, y.shape: 886
2022.02.12 21:18:05.082  D  LightGBM.train().objective()  kfold_seq: 1.
2022.02.12 21:18:05.239  D  LightGBM.train().objective()  kfold_seq: 2.
2022.02.12 21:18:05.473  D  LightGBM.train().objective()  kfold_seq: 3.
2022.02.12 21:18:05.723  D  LightGBM.train().objective()  kfold_seq: 4.
2022.02.12 21:18:05.957  D  LightGBM.train().objective()  kfold_seq: 5.
2022.02.12 21:18:06.192  D  LightGBM.train().objective()  kfold_seq: 6.
2022.02.12 21:18:06.442  D  LightGBM.train().objective()  kfold_seq: 7.
2022.02.12 21:18:06.676  D  LightGBM.train().objective()  kfold_seq: 8.
2022.02.12 21:18:06.895  D  LightGBM.train().objective()  kfold_seq: 9.
2022.02.12 21:18:07.098  D  LightGBM.train().objective()  kfold_seq: 10.
2022.02.12 21:18:07.316  D  LightGBM.train().objective()  Start, 72, X.shape: 886, y.shape: 886
2022.02.12 21:18:07.426  D  LightGBM.train().objective()  kfold_seq: 1.
2022.02.12 21:18:07.609  D  LightGBM.train().objective()  kfold_seq: 2.
2022.02.12 21:18:07.853  D  LightGBM.train().objective()  kfold_seq: 3.
2022.02.12 21:18:08.096  D  LightGBM.train().objective()  kfold_seq: 4.
2022.02.12 21:18:08.341  D  LightGBM.train().objective()  kfold_seq: 5.
2022.02.12 21:18:08.587  D  LightGBM.train().objective()  kfold_seq: 6.
2022.02.12 21:18:08.856  D  LightGBM.train().objective()  kfold_seq: 7.
2022.02.12 21:18:09.114  D  LightGBM.train().objective()  kfold_seq: 8.
2022.02.12 21:18:09.360  D  LightGBM.train().objective()  kfold_seq: 9.
2022.02.12 21:18:09.620  D  LightGBM.train().objective()  kfold_seq: 10.
2022.02.12 21:18:09.894  D  LightGBM.train().objective()  Start, 73, X.shape: 886, y.shape: 886
2022.02.12 21:18:10.012  D  LightGBM.train().objective()  kfold_seq: 1.
2022.02.12 21:18:10.178  D  LightGBM.train().objective()  kfold_seq: 2.
2022.02.12 21:18:10.445  D  LightGBM.train().objective()  kfold_seq: 3.
2022.02.12 21:18:10.726  D  LightGBM.train().objective()  kfold_seq: 4.
2022.02.12 21:18:10.996  D  LightGBM.train().objective()  kfold_seq: 5.
2022.02.12 21:18:11.257  D  LightGBM.train().objective()  kfold_seq: 6.
2022.02.12 21:18:11.513  D  LightGBM.train().objective()  kfold_seq: 7.
2022.02.12 21:18:11.792  D  LightGBM.train().objective()  kfold_seq: 8.
2022.02.12 21:18:12.046  D  LightGBM.train().objective()  kfold_seq: 9.
2022.02.12 21:18:12.323  D  LightGBM.train().objective()  kfold_seq: 10.
2022.02.12 21:18:12.612  D  LightGBM.train().objective()  Start, 74, X.shape: 886, y.shape: 886
2022.02.12 21:18:12.726  D  LightGBM.train().objective()  kfold_seq: 1.
2022.02.12 21:18:12.961  D  LightGBM.train().objective()  kfold_seq: 2.
2022.02.12 21:18:13.239  D  LightGBM.train().objective()  kfold_seq: 3.
2022.02.12 21:18:13.508  D  LightGBM.train().objective()  kfold_seq: 4.
2022.02.12 21:18:13.767  D  LightGBM.train().objective()  kfold_seq: 5.
2022.02.12 21:18:14.047  D  LightGBM.train().objective()  kfold_seq: 6.
2022.02.12 21:18:14.346  D  LightGBM.train().objective()  kfold_seq: 7.
2022.02.12 21:18:14.612  D  LightGBM.train().objective()  kfold_seq: 8.
2022.02.12 21:18:14.881  D  LightGBM.train().objective()  kfold_seq: 9.
2022.02.12 21:18:15.148  D  LightGBM.train().objective()  kfold_seq: 10.
2022.02.12 21:18:15.421  D  LightGBM.train().objective()  Start, 75, X.shape: 886, y.shape: 886
2022.02.12 21:18:15.537  D  LightGBM.train().objective()  kfold_seq: 1.
2022.02.12 21:18:15.721  D  LightGBM.train().objective()  kfold_seq: 2.
2022.02.12 21:18:15.963  D  LightGBM.train().objective()  kfold_seq: 3.
2022.02.12 21:18:16.215  D  LightGBM.train().objective()  kfold_seq: 4.
2022.02.12 21:18:16.470  D  LightGBM.train().objective()  kfold_seq: 5.
2022.02.12 21:18:16.727  D  LightGBM.train().objective()  kfold_seq: 6.
2022.02.12 21:18:16.975  D  LightGBM.train().objective()  kfold_seq: 7.
2022.02.12 21:18:17.286  D  LightGBM.train().objective()  kfold_seq: 8.
2022.02.12 21:18:17.558  D  LightGBM.train().objective()  kfold_seq: 9.
2022.02.12 21:18:17.785  D  LightGBM.train().objective()  kfold_seq: 10.
2022.02.12 21:18:18.123  D  LightGBM.train().objective()  Start, 76, X.shape: 886, y.shape: 886
2022.02.12 21:18:18.242  D  LightGBM.train().objective()  kfold_seq: 1.
2022.02.12 21:18:18.421  D  LightGBM.train().objective()  kfold_seq: 2.
2022.02.12 21:18:18.670  D  LightGBM.train().objective()  kfold_seq: 3.
2022.02.12 21:18:18.912  D  LightGBM.train().objective()  kfold_seq: 4.
2022.02.12 21:18:19.160  D  LightGBM.train().objective()  kfold_seq: 5.
2022.02.12 21:18:19.414  D  LightGBM.train().objective()  kfold_seq: 6.
2022.02.12 21:18:19.664  D  LightGBM.train().objective()  kfold_seq: 7.
2022.02.12 21:18:19.906  D  LightGBM.train().objective()  kfold_seq: 8.
2022.02.12 21:18:20.170  D  LightGBM.train().objective()  kfold_seq: 9.
2022.02.12 21:18:20.422  D  LightGBM.train().objective()  kfold_seq: 10.
2022.02.12 21:18:20.685  D  LightGBM.train().objective()  Start, 77, X.shape: 886, y.shape: 886
2022.02.12 21:18:20.801  D  LightGBM.train().objective()  kfold_seq: 1.
2022.02.12 21:18:20.967  D  LightGBM.train().objective()  kfold_seq: 2.
2022.02.12 21:18:21.217  D  LightGBM.train().objective()  kfold_seq: 3.
2022.02.12 21:18:21.463  D  LightGBM.train().objective()  kfold_seq: 4.
2022.02.12 21:18:21.711  D  LightGBM.train().objective()  kfold_seq: 5.
2022.02.12 21:18:21.960  D  LightGBM.train().objective()  kfold_seq: 6.
2022.02.12 21:18:22.210  D  LightGBM.train().objective()  kfold_seq: 7.
2022.02.12 21:18:22.467  D  LightGBM.train().objective()  kfold_seq: 8.
2022.02.12 21:18:22.726  D  LightGBM.train().objective()  kfold_seq: 9.
2022.02.12 21:18:22.976  D  LightGBM.train().objective()  kfold_seq: 10.
2022.02.12 21:18:23.234  D  LightGBM.train().objective()  Start, 78, X.shape: 886, y.shape: 886
2022.02.12 21:18:23.351  D  LightGBM.train().objective()  kfold_seq: 1.
2022.02.12 21:18:23.525  D  LightGBM.train().objective()  kfold_seq: 2.
2022.02.12 21:18:23.768  D  LightGBM.train().objective()  kfold_seq: 3.
2022.02.12 21:18:24.012  D  LightGBM.train().objective()  kfold_seq: 4.
2022.02.12 21:18:24.268  D  LightGBM.train().objective()  kfold_seq: 5.
2022.02.12 21:18:24.520  D  LightGBM.train().objective()  kfold_seq: 6.
2022.02.12 21:18:24.757  D  LightGBM.train().objective()  kfold_seq: 7.
2022.02.12 21:18:25.009  D  LightGBM.train().objective()  kfold_seq: 8.
2022.02.12 21:18:25.258  D  LightGBM.train().objective()  kfold_seq: 9.
2022.02.12 21:18:25.507  D  LightGBM.train().objective()  kfold_seq: 10.
2022.02.12 21:18:25.777  D  LightGBM.train().objective()  Start, 79, X.shape: 886, y.shape: 886
2022.02.12 21:18:25.905  D  LightGBM.train().objective()  kfold_seq: 1.
2022.02.12 21:18:26.082  D  LightGBM.train().objective()  kfold_seq: 2.
2022.02.12 21:18:26.336  D  LightGBM.train().objective()  kfold_seq: 3.
2022.02.12 21:18:26.632  D  LightGBM.train().objective()  kfold_seq: 4.
2022.02.12 21:18:26.870  D  LightGBM.train().objective()  kfold_seq: 5.
2022.02.12 21:18:27.169  D  LightGBM.train().objective()  kfold_seq: 6.
2022.02.12 21:18:27.417  D  LightGBM.train().objective()  kfold_seq: 7.
2022.02.12 21:18:27.672  D  LightGBM.train().objective()  kfold_seq: 8.
2022.02.12 21:18:27.939  D  LightGBM.train().objective()  kfold_seq: 9.
2022.02.12 21:18:28.200  D  LightGBM.train().objective()  kfold_seq: 10.
2022.02.12 21:18:28.447  D  LightGBM.train().objective()  Start, 80, X.shape: 886, y.shape: 886
2022.02.12 21:18:28.559  D  LightGBM.train().objective()  kfold_seq: 1.
2022.02.12 21:18:28.732  D  LightGBM.train().objective()  kfold_seq: 2.
2022.02.12 21:18:28.971  D  LightGBM.train().objective()  kfold_seq: 3.
2022.02.12 21:18:29.220  D  LightGBM.train().objective()  kfold_seq: 4.
2022.02.12 21:18:29.472  D  LightGBM.train().objective()  kfold_seq: 5.
2022.02.12 21:18:29.739  D  LightGBM.train().objective()  kfold_seq: 6.
2022.02.12 21:18:29.986  D  LightGBM.train().objective()  kfold_seq: 7.
2022.02.12 21:18:30.235  D  LightGBM.train().objective()  kfold_seq: 8.
2022.02.12 21:18:30.482  D  LightGBM.train().objective()  kfold_seq: 9.
2022.02.12 21:18:30.728  D  LightGBM.train().objective()  kfold_seq: 10.
2022.02.12 21:18:30.987  D  LightGBM.train().objective()  Start, 81, X.shape: 886, y.shape: 886
2022.02.12 21:18:31.103  D  LightGBM.train().objective()  kfold_seq: 1.
2022.02.12 21:18:31.275  D  LightGBM.train().objective()  kfold_seq: 2.
2022.02.12 21:18:31.505  D  LightGBM.train().objective()  kfold_seq: 3.
2022.02.12 21:18:31.762  D  LightGBM.train().objective()  kfold_seq: 4.
2022.02.12 21:18:32.028  D  LightGBM.train().objective()  kfold_seq: 5.
2022.02.12 21:18:32.293  D  LightGBM.train().objective()  kfold_seq: 6.
2022.02.12 21:18:32.541  D  LightGBM.train().objective()  kfold_seq: 7.
2022.02.12 21:18:32.784  D  LightGBM.train().objective()  kfold_seq: 8.
2022.02.12 21:18:33.034  D  LightGBM.train().objective()  kfold_seq: 9.
2022.02.12 21:18:33.285  D  LightGBM.train().objective()  kfold_seq: 10.
2022.02.12 21:18:33.538  D  LightGBM.train().objective()  Start, 82, X.shape: 886, y.shape: 886
2022.02.12 21:18:33.648  D  LightGBM.train().objective()  kfold_seq: 1.
2022.02.12 21:18:33.810  D  LightGBM.train().objective()  kfold_seq: 2.
2022.02.12 21:18:34.045  D  LightGBM.train().objective()  kfold_seq: 3.
2022.02.12 21:18:34.290  D  LightGBM.train().objective()  kfold_seq: 4.
2022.02.12 21:18:34.542  D  LightGBM.train().objective()  kfold_seq: 5.
2022.02.12 21:18:34.781  D  LightGBM.train().objective()  kfold_seq: 6.
2022.02.12 21:18:35.005  D  LightGBM.train().objective()  kfold_seq: 7.
2022.02.12 21:18:35.283  D  LightGBM.train().objective()  kfold_seq: 8.
2022.02.12 21:18:35.551  D  LightGBM.train().objective()  kfold_seq: 9.
2022.02.12 21:18:35.817  D  LightGBM.train().objective()  kfold_seq: 10.
2022.02.12 21:18:36.075  D  LightGBM.train().objective()  Start, 83, X.shape: 886, y.shape: 886
2022.02.12 21:18:36.181  D  LightGBM.train().objective()  kfold_seq: 1.
2022.02.12 21:18:36.350  D  LightGBM.train().objective()  kfold_seq: 2.
2022.02.12 21:18:36.598  D  LightGBM.train().objective()  kfold_seq: 3.
2022.02.12 21:18:36.838  D  LightGBM.train().objective()  kfold_seq: 4.
2022.02.12 21:18:37.085  D  LightGBM.train().objective()  kfold_seq: 5.
2022.02.12 21:18:37.344  D  LightGBM.train().objective()  kfold_seq: 6.
2022.02.12 21:18:37.592  D  LightGBM.train().objective()  kfold_seq: 7.
2022.02.12 21:18:37.839  D  LightGBM.train().objective()  kfold_seq: 8.
2022.02.12 21:18:38.080  D  LightGBM.train().objective()  kfold_seq: 9.
2022.02.12 21:18:38.324  D  LightGBM.train().objective()  kfold_seq: 10.
2022.02.12 21:18:38.666  D  LightGBM.train().objective()  Start, 84, X.shape: 886, y.shape: 886
2022.02.12 21:18:38.776  D  LightGBM.train().objective()  kfold_seq: 1.
2022.02.12 21:18:38.953  D  LightGBM.train().objective()  kfold_seq: 2.
2022.02.12 21:18:39.185  D  LightGBM.train().objective()  kfold_seq: 3.
2022.02.12 21:18:39.433  D  LightGBM.train().objective()  kfold_seq: 4.
2022.02.12 21:18:39.655  D  LightGBM.train().objective()  kfold_seq: 5.
2022.02.12 21:18:39.903  D  LightGBM.train().objective()  kfold_seq: 6.
2022.02.12 21:18:40.153  D  LightGBM.train().objective()  kfold_seq: 7.
2022.02.12 21:18:40.396  D  LightGBM.train().objective()  kfold_seq: 8.
2022.02.12 21:18:40.644  D  LightGBM.train().objective()  kfold_seq: 9.
2022.02.12 21:18:40.892  D  LightGBM.train().objective()  kfold_seq: 10.
2022.02.12 21:18:41.135  D  LightGBM.train().objective()  Start, 85, X.shape: 886, y.shape: 886
2022.02.12 21:18:41.250  D  LightGBM.train().objective()  kfold_seq: 1.
2022.02.12 21:18:41.427  D  LightGBM.train().objective()  kfold_seq: 2.
2022.02.12 21:18:41.706  D  LightGBM.train().objective()  kfold_seq: 3.
2022.02.12 21:18:41.968  D  LightGBM.train().objective()  kfold_seq: 4.
2022.02.12 21:18:42.236  D  LightGBM.train().objective()  kfold_seq: 5.
2022.02.12 21:18:42.498  D  LightGBM.train().objective()  kfold_seq: 6.
2022.02.12 21:18:42.794  D  LightGBM.train().objective()  kfold_seq: 7.
2022.02.12 21:18:43.078  D  LightGBM.train().objective()  kfold_seq: 8.
2022.02.12 21:18:43.341  D  LightGBM.train().objective()  kfold_seq: 9.
2022.02.12 21:18:43.595  D  LightGBM.train().objective()  kfold_seq: 10.
2022.02.12 21:18:43.850  D  LightGBM.train().objective()  Start, 86, X.shape: 886, y.shape: 886
2022.02.12 21:18:43.963  D  LightGBM.train().objective()  kfold_seq: 1.
2022.02.12 21:18:44.159  D  LightGBM.train().objective()  kfold_seq: 2.
2022.02.12 21:18:44.430  D  LightGBM.train().objective()  kfold_seq: 3.
2022.02.12 21:18:44.705  D  LightGBM.train().objective()  kfold_seq: 4.
2022.02.12 21:18:44.974  D  LightGBM.train().objective()  kfold_seq: 5.
2022.02.12 21:18:45.243  D  LightGBM.train().objective()  kfold_seq: 6.
2022.02.12 21:18:45.509  D  LightGBM.train().objective()  kfold_seq: 7.
2022.02.12 21:18:45.776  D  LightGBM.train().objective()  kfold_seq: 8.
2022.02.12 21:18:46.041  D  LightGBM.train().objective()  kfold_seq: 9.
2022.02.12 21:18:46.330  D  LightGBM.train().objective()  kfold_seq: 10.
2022.02.12 21:18:46.606  D  LightGBM.train().objective()  Start, 87, X.shape: 886, y.shape: 886
2022.02.12 21:18:46.727  D  LightGBM.train().objective()  kfold_seq: 1.
2022.02.12 21:18:46.900  D  LightGBM.train().objective()  kfold_seq: 2.
2022.02.12 21:18:47.164  D  LightGBM.train().objective()  kfold_seq: 3.
2022.02.12 21:18:47.429  D  LightGBM.train().objective()  kfold_seq: 4.
2022.02.12 21:18:47.690  D  LightGBM.train().objective()  kfold_seq: 5.
2022.02.12 21:18:47.946  D  LightGBM.train().objective()  kfold_seq: 6.
2022.02.12 21:18:48.203  D  LightGBM.train().objective()  kfold_seq: 7.
2022.02.12 21:18:48.466  D  LightGBM.train().objective()  kfold_seq: 8.
2022.02.12 21:18:48.734  D  LightGBM.train().objective()  kfold_seq: 9.
2022.02.12 21:18:49.068  D  LightGBM.train().objective()  kfold_seq: 10.
2022.02.12 21:18:49.360  D  LightGBM.train().objective()  Start, 88, X.shape: 886, y.shape: 886
2022.02.12 21:18:49.476  D  LightGBM.train().objective()  kfold_seq: 1.
2022.02.12 21:18:49.655  D  LightGBM.train().objective()  kfold_seq: 2.
2022.02.12 21:18:49.897  D  LightGBM.train().objective()  kfold_seq: 3.
2022.02.12 21:18:50.140  D  LightGBM.train().objective()  kfold_seq: 4.
2022.02.12 21:18:50.399  D  LightGBM.train().objective()  kfold_seq: 5.
2022.02.12 21:18:50.649  D  LightGBM.train().objective()  kfold_seq: 6.
2022.02.12 21:18:50.896  D  LightGBM.train().objective()  kfold_seq: 7.
2022.02.12 21:18:51.147  D  LightGBM.train().objective()  kfold_seq: 8.
2022.02.12 21:18:51.402  D  LightGBM.train().objective()  kfold_seq: 9.
2022.02.12 21:18:51.647  D  LightGBM.train().objective()  kfold_seq: 10.
2022.02.12 21:18:51.908  D  LightGBM.train().objective()  Start, 89, X.shape: 886, y.shape: 886
2022.02.12 21:18:52.022  D  LightGBM.train().objective()  kfold_seq: 1.
2022.02.12 21:18:52.191  D  LightGBM.train().objective()  kfold_seq: 2.
2022.02.12 21:18:52.457  D  LightGBM.train().objective()  kfold_seq: 3.
2022.02.12 21:18:52.712  D  LightGBM.train().objective()  kfold_seq: 4.
2022.02.12 21:18:52.955  D  LightGBM.train().objective()  kfold_seq: 5.
2022.02.12 21:18:53.215  D  LightGBM.train().objective()  kfold_seq: 6.
2022.02.12 21:18:53.493  D  LightGBM.train().objective()  kfold_seq: 7.
2022.02.12 21:18:53.751  D  LightGBM.train().objective()  kfold_seq: 8.
2022.02.12 21:18:54.009  D  LightGBM.train().objective()  kfold_seq: 9.
2022.02.12 21:18:54.259  D  LightGBM.train().objective()  kfold_seq: 10.
2022.02.12 21:18:54.515  D  LightGBM.train().objective()  Start, 90, X.shape: 886, y.shape: 886
2022.02.12 21:18:54.633  D  LightGBM.train().objective()  kfold_seq: 1.
2022.02.12 21:18:54.803  D  LightGBM.train().objective()  kfold_seq: 2.
2022.02.12 21:18:55.048  D  LightGBM.train().objective()  kfold_seq: 3.
2022.02.12 21:18:55.297  D  LightGBM.train().objective()  kfold_seq: 4.
2022.02.12 21:18:55.567  D  LightGBM.train().objective()  kfold_seq: 5.
2022.02.12 21:18:55.837  D  LightGBM.train().objective()  kfold_seq: 6.
2022.02.12 21:18:56.092  D  LightGBM.train().objective()  kfold_seq: 7.
2022.02.12 21:18:56.349  D  LightGBM.train().objective()  kfold_seq: 8.
2022.02.12 21:18:56.614  D  LightGBM.train().objective()  kfold_seq: 9.
2022.02.12 21:18:56.856  D  LightGBM.train().objective()  kfold_seq: 10.
2022.02.12 21:18:57.108  D  LightGBM.train().objective()  Start, 91, X.shape: 886, y.shape: 886
2022.02.12 21:18:57.224  D  LightGBM.train().objective()  kfold_seq: 1.
2022.02.12 21:18:57.388  D  LightGBM.train().objective()  kfold_seq: 2.
2022.02.12 21:18:57.635  D  LightGBM.train().objective()  kfold_seq: 3.
2022.02.12 21:18:57.885  D  LightGBM.train().objective()  kfold_seq: 4.
2022.02.12 21:18:58.182  D  LightGBM.train().objective()  kfold_seq: 5.
2022.02.12 21:18:58.438  D  LightGBM.train().objective()  kfold_seq: 6.
2022.02.12 21:18:58.692  D  LightGBM.train().objective()  kfold_seq: 7.
2022.02.12 21:18:58.940  D  LightGBM.train().objective()  kfold_seq: 8.
2022.02.12 21:18:59.178  D  LightGBM.train().objective()  kfold_seq: 9.
2022.02.12 21:18:59.430  D  LightGBM.train().objective()  kfold_seq: 10.
2022.02.12 21:18:59.684  D  LightGBM.train().objective()  Start, 92, X.shape: 886, y.shape: 886
2022.02.12 21:18:59.806  D  LightGBM.train().objective()  kfold_seq: 1.
2022.02.12 21:18:59.984  D  LightGBM.train().objective()  kfold_seq: 2.
2022.02.12 21:19:00.202  D  LightGBM.train().objective()  kfold_seq: 3.
2022.02.12 21:19:00.450  D  LightGBM.train().objective()  kfold_seq: 4.
2022.02.12 21:19:00.698  D  LightGBM.train().objective()  kfold_seq: 5.
2022.02.12 21:19:00.946  D  LightGBM.train().objective()  kfold_seq: 6.
2022.02.12 21:19:01.197  D  LightGBM.train().objective()  kfold_seq: 7.
2022.02.12 21:19:01.446  D  LightGBM.train().objective()  kfold_seq: 8.
2022.02.12 21:19:01.686  D  LightGBM.train().objective()  kfold_seq: 9.
2022.02.12 21:19:01.936  D  LightGBM.train().objective()  kfold_seq: 10.
2022.02.12 21:19:02.188  D  LightGBM.train().objective()  Start, 93, X.shape: 886, y.shape: 886
2022.02.12 21:19:02.304  D  LightGBM.train().objective()  kfold_seq: 1.
2022.02.12 21:19:02.473  D  LightGBM.train().objective()  kfold_seq: 2.
2022.02.12 21:19:02.729  D  LightGBM.train().objective()  kfold_seq: 3.
2022.02.12 21:19:02.980  D  LightGBM.train().objective()  kfold_seq: 4.
2022.02.12 21:19:03.238  D  LightGBM.train().objective()  kfold_seq: 5.
2022.02.12 21:19:03.488  D  LightGBM.train().objective()  kfold_seq: 6.
2022.02.12 21:19:03.737  D  LightGBM.train().objective()  kfold_seq: 7.
2022.02.12 21:19:03.982  D  LightGBM.train().objective()  kfold_seq: 8.
2022.02.12 21:19:04.227  D  LightGBM.train().objective()  kfold_seq: 9.
2022.02.12 21:19:04.473  D  LightGBM.train().objective()  kfold_seq: 10.
2022.02.12 21:19:04.707  D  LightGBM.train().objective()  Start, 94, X.shape: 886, y.shape: 886
2022.02.12 21:19:04.818  D  LightGBM.train().objective()  kfold_seq: 1.
2022.02.12 21:19:04.983  D  LightGBM.train().objective()  kfold_seq: 2.
2022.02.12 21:19:05.231  D  LightGBM.train().objective()  kfold_seq: 3.
2022.02.12 21:19:05.482  D  LightGBM.train().objective()  kfold_seq: 4.
2022.02.12 21:19:05.734  D  LightGBM.train().objective()  kfold_seq: 5.
2022.02.12 21:19:05.983  D  LightGBM.train().objective()  kfold_seq: 6.
2022.02.12 21:19:06.245  D  LightGBM.train().objective()  kfold_seq: 7.
2022.02.12 21:19:06.495  D  LightGBM.train().objective()  kfold_seq: 8.
2022.02.12 21:19:06.743  D  LightGBM.train().objective()  kfold_seq: 9.
2022.02.12 21:19:06.990  D  LightGBM.train().objective()  kfold_seq: 10.
2022.02.12 21:19:07.250  D  LightGBM.train().objective()  Start, 95, X.shape: 886, y.shape: 886
2022.02.12 21:19:07.365  D  LightGBM.train().objective()  kfold_seq: 1.
2022.02.12 21:19:07.545  D  LightGBM.train().objective()  kfold_seq: 2.
2022.02.12 21:19:07.794  D  LightGBM.train().objective()  kfold_seq: 3.
2022.02.12 21:19:08.040  D  LightGBM.train().objective()  kfold_seq: 4.
2022.02.12 21:19:08.288  D  LightGBM.train().objective()  kfold_seq: 5.
2022.02.12 21:19:08.539  D  LightGBM.train().objective()  kfold_seq: 6.
2022.02.12 21:19:08.791  D  LightGBM.train().objective()  kfold_seq: 7.
2022.02.12 21:19:09.053  D  LightGBM.train().objective()  kfold_seq: 8.
2022.02.12 21:19:09.299  D  LightGBM.train().objective()  kfold_seq: 9.
2022.02.12 21:19:09.590  D  LightGBM.train().objective()  kfold_seq: 10.
2022.02.12 21:19:09.854  D  LightGBM.train().objective()  Start, 96, X.shape: 886, y.shape: 886
2022.02.12 21:19:09.965  D  LightGBM.train().objective()  kfold_seq: 1.
2022.02.12 21:19:10.140  D  LightGBM.train().objective()  kfold_seq: 2.
2022.02.12 21:19:10.396  D  LightGBM.train().objective()  kfold_seq: 3.
2022.02.12 21:19:10.649  D  LightGBM.train().objective()  kfold_seq: 4.
2022.02.12 21:19:10.898  D  LightGBM.train().objective()  kfold_seq: 5.
2022.02.12 21:19:11.154  D  LightGBM.train().objective()  kfold_seq: 6.
2022.02.12 21:19:11.402  D  LightGBM.train().objective()  kfold_seq: 7.
2022.02.12 21:19:11.656  D  LightGBM.train().objective()  kfold_seq: 8.
2022.02.12 21:19:11.906  D  LightGBM.train().objective()  kfold_seq: 9.
2022.02.12 21:19:12.163  D  LightGBM.train().objective()  kfold_seq: 10.
2022.02.12 21:19:12.409  D  LightGBM.train().objective()  Start, 97, X.shape: 886, y.shape: 886
2022.02.12 21:19:12.525  D  LightGBM.train().objective()  kfold_seq: 1.
2022.02.12 21:19:12.691  D  LightGBM.train().objective()  kfold_seq: 2.
2022.02.12 21:19:12.939  D  LightGBM.train().objective()  kfold_seq: 3.
2022.02.12 21:19:13.190  D  LightGBM.train().objective()  kfold_seq: 4.
2022.02.12 21:19:13.438  D  LightGBM.train().objective()  kfold_seq: 5.
2022.02.12 21:19:13.688  D  LightGBM.train().objective()  kfold_seq: 6.
2022.02.12 21:19:13.915  D  LightGBM.train().objective()  kfold_seq: 7.
2022.02.12 21:19:14.157  D  LightGBM.train().objective()  kfold_seq: 8.
2022.02.12 21:19:14.405  D  LightGBM.train().objective()  kfold_seq: 9.
2022.02.12 21:19:14.649  D  LightGBM.train().objective()  kfold_seq: 10.
2022.02.12 21:19:14.908  D  LightGBM.train().objective()  Start, 98, X.shape: 886, y.shape: 886
2022.02.12 21:19:15.024  D  LightGBM.train().objective()  kfold_seq: 1.
2022.02.12 21:19:15.199  D  LightGBM.train().objective()  kfold_seq: 2.
2022.02.12 21:19:15.443  D  LightGBM.train().objective()  kfold_seq: 3.
2022.02.12 21:19:15.697  D  LightGBM.train().objective()  kfold_seq: 4.
2022.02.12 21:19:15.946  D  LightGBM.train().objective()  kfold_seq: 5.
2022.02.12 21:19:16.191  D  LightGBM.train().objective()  kfold_seq: 6.
2022.02.12 21:19:16.447  D  LightGBM.train().objective()  kfold_seq: 7.
2022.02.12 21:19:16.688  D  LightGBM.train().objective()  kfold_seq: 8.
2022.02.12 21:19:16.935  D  LightGBM.train().objective()  kfold_seq: 9.
2022.02.12 21:19:17.176  D  LightGBM.train().objective()  kfold_seq: 10.
2022.02.12 21:19:17.392  D  LightGBM.train().objective()  Start, 99, X.shape: 886, y.shape: 886
2022.02.12 21:19:17.500  D  LightGBM.train().objective()  kfold_seq: 1.
2022.02.12 21:19:17.665  D  LightGBM.train().objective()  kfold_seq: 2.
2022.02.12 21:19:17.924  D  LightGBM.train().objective()  kfold_seq: 3.
2022.02.12 21:19:18.176  D  LightGBM.train().objective()  kfold_seq: 4.
2022.02.12 21:19:18.430  D  LightGBM.train().objective()  kfold_seq: 5.
2022.02.12 21:19:18.679  D  LightGBM.train().objective()  kfold_seq: 6.
2022.02.12 21:19:18.913  D  LightGBM.train().objective()  kfold_seq: 7.
2022.02.12 21:19:19.168  D  LightGBM.train().objective()  kfold_seq: 8.
2022.02.12 21:19:19.405  D  LightGBM.train().objective()  kfold_seq: 9.
2022.02.12 21:19:19.655  D  LightGBM.train().objective()  kfold_seq: 10.
2022.02.12 21:19:19.889  D  LightGBM.train().objective()  Start, 100, X.shape: 886, y.shape: 886
2022.02.12 21:19:20.012  D  LightGBM.train().objective()  kfold_seq: 1.
2022.02.12 21:19:20.184  D  LightGBM.train().objective()  kfold_seq: 2.
2022.02.12 21:19:20.428  D  LightGBM.train().objective()  kfold_seq: 3.
2022.02.12 21:19:20.681  D  LightGBM.train().objective()  kfold_seq: 4.
2022.02.12 21:19:20.920  D  LightGBM.train().objective()  kfold_seq: 5.
2022.02.12 21:19:21.172  D  LightGBM.train().objective()  kfold_seq: 6.
2022.02.12 21:19:21.429  D  LightGBM.train().objective()  kfold_seq: 7.
2022.02.12 21:19:21.684  D  LightGBM.train().objective()  kfold_seq: 8.
2022.02.12 21:19:21.926  D  LightGBM.train().objective()  kfold_seq: 9.
2022.02.12 21:19:22.187  D  LightGBM.train().objective()  kfold_seq: 10.
2022.02.12 21:19:22.439  D  LightGBM.train()      best params: 
 {'n_estimators': 68, 'learning_rate': 0.08323683933492008, 'num_leaves': 176, 'num_iterations': 214, 'min_data_in_leaf': 500, 'max_bin': 236, 'lambda_l1': 40, 'lambda_l2': 45, 'min_gain_to_split': 7.540421359859011, 'bagging_fraction': 0.6000000000000001, 'bagging_freq': 5, 'feature_fraction': 0.8}
2022.02.12 21:19:22.455  D  LightGBM.train()      Create model.
2022.02.12 21:19:22.471  D  LightGBM.train()      Train model.
2022.02.12 21:19:22.495  E  LightGBM.train()      Unknown type of parameter:boosting_type, got:dict
2022.02.12 21:19:22.506  D  LightGBM.train()      End.
2022.02.12 21:19:22.640  D  __main__()            End.
